[0.615s] Invoking command in '/home/lucas/Desktop/lucas/Faculdade/7_Semestre/Wall-E-Nav/urdf_ws/build/urdfbot_description': CMAKE_PREFIX_PATH=${CMAKE_PREFIX_PATH}:/opt/ros/foxy /usr/bin/cmake --build /home/lucas/Desktop/lucas/Faculdade/7_Semestre/Wall-E-Nav/urdf_ws/build/urdfbot_description -- -j6 -l6
[0.685s] Invoked command in '/home/lucas/Desktop/lucas/Faculdade/7_Semestre/Wall-E-Nav/urdf_ws/build/urdfbot_description' returned '0': CMAKE_PREFIX_PATH=${CMAKE_PREFIX_PATH}:/opt/ros/foxy /usr/bin/cmake --build /home/lucas/Desktop/lucas/Faculdade/7_Semestre/Wall-E-Nav/urdf_ws/build/urdfbot_description -- -j6 -l6
[0.759s] Invoking command in '/home/lucas/Desktop/lucas/Faculdade/7_Semestre/Wall-E-Nav/urdf_ws/build/urdfbot_description': CMAKE_PREFIX_PATH=${CMAKE_PREFIX_PATH}:/opt/ros/foxy /usr/bin/cmake --install /home/lucas/Desktop/lucas/Faculdade/7_Semestre/Wall-E-Nav/urdf_ws/build/urdfbot_description
[0.776s] -- Install configuration: ""
[0.776s] -- Execute custom install script
[0.777s] -- Up-to-date symlink: /home/lucas/Desktop/lucas/Faculdade/7_Semestre/Wall-E-Nav/urdf_ws/install/urdfbot_description/share/urdfbot_description//urdf/test.urdf
[0.778s] -- Up-to-date symlink: /home/lucas/Desktop/lucas/Faculdade/7_Semestre/Wall-E-Nav/urdf_ws/install/urdfbot_description/share/urdfbot_description//urdf/urdfbot_simple.urdf
[0.778s] -- Up-to-date symlink: /home/lucas/Desktop/lucas/Faculdade/7_Semestre/Wall-E-Nav/urdf_ws/install/urdfbot_description/share/urdfbot_description//rviz/robot.rviz
[0.778s] -- Up-to-date symlink: /home/lucas/Desktop/lucas/Faculdade/7_Semestre/Wall-E-Nav/urdf_ws/install/urdfbot_description/share/urdfbot_description//launch/urdf_visualize.launch.py
[0.779s] -- Up-to-date symlink: /home/lucas/Desktop/lucas/Faculdade/7_Semestre/Wall-E-Nav/urdf_ws/install/urdfbot_description/share/ament_index/resource_index/package_run_dependencies/urdfbot_description
[0.779s] -- Up-to-date symlink: /home/lucas/Desktop/lucas/Faculdade/7_Semestre/Wall-E-Nav/urdf_ws/install/urdfbot_description/share/ament_index/resource_index/parent_prefix_path/urdfbot_description
[0.780s] -- Up-to-date symlink: /home/lucas/Desktop/lucas/Faculdade/7_Semestre/Wall-E-Nav/urdf_ws/install/urdfbot_description/share/urdfbot_description/environment/ament_prefix_path.sh
[0.780s] -- Up-to-date symlink: /home/lucas/Desktop/lucas/Faculdade/7_Semestre/Wall-E-Nav/urdf_ws/install/urdfbot_description/share/urdfbot_description/environment/ament_prefix_path.dsv
[0.781s] -- Up-to-date symlink: /home/lucas/Desktop/lucas/Faculdade/7_Semestre/Wall-E-Nav/urdf_ws/install/urdfbot_description/share/urdfbot_description/environment/path.sh
[0.781s] -- Up-to-date symlink: /home/lucas/Desktop/lucas/Faculdade/7_Semestre/Wall-E-Nav/urdf_ws/install/urdfbot_description/share/urdfbot_description/environment/path.dsv
[0.782s] -- Up-to-date symlink: /home/lucas/Desktop/lucas/Faculdade/7_Semestre/Wall-E-Nav/urdf_ws/install/urdfbot_description/share/urdfbot_description/local_setup.bash
[0.782s] -- Up-to-date symlink: /home/lucas/Desktop/lucas/Faculdade/7_Semestre/Wall-E-Nav/urdf_ws/install/urdfbot_description/share/urdfbot_description/local_setup.sh
[0.782s] -- Up-to-date symlink: /home/lucas/Desktop/lucas/Faculdade/7_Semestre/Wall-E-Nav/urdf_ws/install/urdfbot_description/share/urdfbot_description/local_setup.zsh
[0.783s] -- Up-to-date symlink: /home/lucas/Desktop/lucas/Faculdade/7_Semestre/Wall-E-Nav/urdf_ws/install/urdfbot_description/share/urdfbot_description/local_setup.dsv
[0.783s] -- Symlinking: /home/lucas/Desktop/lucas/Faculdade/7_Semestre/Wall-E-Nav/urdf_ws/install/urdfbot_description/share/urdfbot_description/package.dsv
[0.804s] -- Up-to-date symlink: /home/lucas/Desktop/lucas/Faculdade/7_Semestre/Wall-E-Nav/urdf_ws/install/urdfbot_description/share/ament_index/resource_index/packages/urdfbot_description
[0.805s] -- Up-to-date symlink: /home/lucas/Desktop/lucas/Faculdade/7_Semestre/Wall-E-Nav/urdf_ws/install/urdfbot_description/share/urdfbot_description/cmake/urdfbot_descriptionConfig.cmake
[0.806s] -- Up-to-date symlink: /home/lucas/Desktop/lucas/Faculdade/7_Semestre/Wall-E-Nav/urdf_ws/install/urdfbot_description/share/urdfbot_description/cmake/urdfbot_descriptionConfig-version.cmake
[0.807s] -- Up-to-date symlink: /home/lucas/Desktop/lucas/Faculdade/7_Semestre/Wall-E-Nav/urdf_ws/install/urdfbot_description/share/urdfbot_description/package.xml
[0.812s] Invoked command in '/home/lucas/Desktop/lucas/Faculdade/7_Semestre/Wall-E-Nav/urdf_ws/build/urdfbot_description' returned '0': CMAKE_PREFIX_PATH=${CMAKE_PREFIX_PATH}:/opt/ros/foxy /usr/bin/cmake --install /home/lucas/Desktop/lucas/Faculdade/7_Semestre/Wall-E-Nav/urdf_ws/build/urdfbot_description
