[0.435s] DEBUG:colcon:Command line arguments: ['/usr/bin/colcon', 'build', '--symlink-install']
[0.435s] DEBUG:colcon:Parsed command line arguments: Namespace(log_base=None, log_level=None, verb_name='build', build_base='build', install_base='install', merge_install=False, symlink_install=True, test_result_base=None, continue_on_error=False, executor='parallel', parallel_workers=12, event_handlers=None, ignore_user_meta=False, metas=['./colcon.meta'], base_paths=['.'], packages_ignore=None, packages_ignore_regex=None, paths=None, packages_up_to=None, packages_up_to_regex=None, packages_above=None, packages_above_and_dependencies=None, packages_above_depth=None, packages_select_by_dep=None, packages_skip_by_dep=None, packages_skip_up_to=None, packages_select_build_failed=False, packages_skip_build_finished=False, packages_select_test_failures=False, packages_skip_test_passed=False, packages_select=None, packages_skip=None, packages_select_regex=None, packages_skip_regex=None, packages_start=None, packages_end=None, allow_overriding=[], cmake_args=None, cmake_target=None, cmake_target_skip_unavailable=False, cmake_clean_cache=False, cmake_clean_first=False, cmake_force_configure=False, ament_cmake_args=None, catkin_cmake_args=None, catkin_skip_building_tests=False, verb_parser=<colcon_defaults.argument_parser.defaults.DefaultArgumentsDecorator object at 0x72b34e092290>, verb_extension=<colcon_core.verb.build.BuildVerb object at 0x72b34e0607f0>, main=<bound method BuildVerb.main of <colcon_core.verb.build.BuildVerb object at 0x72b34e0607f0>>)
[0.458s] Level 1:colcon.colcon_core.package_discovery:discover_packages(colcon_meta) check parameters
[0.458s] Level 1:colcon.colcon_core.package_discovery:discover_packages(recursive) check parameters
[0.458s] Level 1:colcon.colcon_core.package_discovery:discover_packages(ignore) check parameters
[0.458s] Level 1:colcon.colcon_core.package_discovery:discover_packages(path) check parameters
[0.458s] Level 1:colcon.colcon_core.package_discovery:discover_packages(colcon_meta) discover
[0.458s] Level 1:colcon.colcon_core.package_discovery:discover_packages(recursive) discover
[0.458s] INFO:colcon.colcon_core.package_discovery:Crawling recursively for packages in '/home/llagoeiro/Desktop/TheConstruct/URDF_ROS2/Aula01/urdf_ws'
[0.458s] Level 1:colcon.colcon_core.package_identification:_identify(.) by extensions ['ignore', 'ignore_ament_install']
[0.458s] Level 1:colcon.colcon_core.package_identification:_identify(.) by extension 'ignore'
[0.459s] Level 1:colcon.colcon_core.package_identification:_identify(.) by extension 'ignore_ament_install'
[0.459s] Level 1:colcon.colcon_core.package_identification:_identify(.) by extensions ['colcon_pkg']
[0.459s] Level 1:colcon.colcon_core.package_identification:_identify(.) by extension 'colcon_pkg'
[0.459s] Level 1:colcon.colcon_core.package_identification:_identify(.) by extensions ['colcon_meta']
[0.459s] Level 1:colcon.colcon_core.package_identification:_identify(.) by extension 'colcon_meta'
[0.459s] Level 1:colcon.colcon_core.package_identification:_identify(.) by extensions ['ros']
[0.459s] Level 1:colcon.colcon_core.package_identification:_identify(.) by extension 'ros'
[0.465s] Level 1:colcon.colcon_core.package_identification:_identify(.) by extensions ['cmake', 'python']
[0.465s] Level 1:colcon.colcon_core.package_identification:_identify(.) by extension 'cmake'
[0.465s] Level 1:colcon.colcon_core.package_identification:_identify(.) by extension 'python'
[0.465s] Level 1:colcon.colcon_core.package_identification:_identify(.) by extensions ['python_setup_py']
[0.465s] Level 1:colcon.colcon_core.package_identification:_identify(.) by extension 'python_setup_py'
[0.465s] Level 1:colcon.colcon_core.package_identification:_identify(build) by extensions ['ignore', 'ignore_ament_install']
[0.465s] Level 1:colcon.colcon_core.package_identification:_identify(build) by extension 'ignore'
[0.465s] Level 1:colcon.colcon_core.package_identification:_identify(build) ignored
[0.465s] Level 1:colcon.colcon_core.package_identification:_identify(install) by extensions ['ignore', 'ignore_ament_install']
[0.465s] Level 1:colcon.colcon_core.package_identification:_identify(install) by extension 'ignore'
[0.465s] Level 1:colcon.colcon_core.package_identification:_identify(install) ignored
[0.466s] Level 1:colcon.colcon_core.package_identification:_identify(log) by extensions ['ignore', 'ignore_ament_install']
[0.466s] Level 1:colcon.colcon_core.package_identification:_identify(log) by extension 'ignore'
[0.466s] Level 1:colcon.colcon_core.package_identification:_identify(log) ignored
[0.466s] Level 1:colcon.colcon_core.package_identification:_identify(src) by extensions ['ignore', 'ignore_ament_install']
[0.466s] Level 1:colcon.colcon_core.package_identification:_identify(src) by extension 'ignore'
[0.466s] Level 1:colcon.colcon_core.package_identification:_identify(src) by extension 'ignore_ament_install'
[0.466s] Level 1:colcon.colcon_core.package_identification:_identify(src) by extensions ['colcon_pkg']
[0.466s] Level 1:colcon.colcon_core.package_identification:_identify(src) by extension 'colcon_pkg'
[0.466s] Level 1:colcon.colcon_core.package_identification:_identify(src) by extensions ['colcon_meta']
[0.466s] Level 1:colcon.colcon_core.package_identification:_identify(src) by extension 'colcon_meta'
[0.466s] Level 1:colcon.colcon_core.package_identification:_identify(src) by extensions ['ros']
[0.466s] Level 1:colcon.colcon_core.package_identification:_identify(src) by extension 'ros'
[0.466s] Level 1:colcon.colcon_core.package_identification:_identify(src) by extensions ['cmake', 'python']
[0.466s] Level 1:colcon.colcon_core.package_identification:_identify(src) by extension 'cmake'
[0.466s] Level 1:colcon.colcon_core.package_identification:_identify(src) by extension 'python'
[0.466s] Level 1:colcon.colcon_core.package_identification:_identify(src) by extensions ['python_setup_py']
[0.466s] Level 1:colcon.colcon_core.package_identification:_identify(src) by extension 'python_setup_py'
[0.466s] Level 1:colcon.colcon_core.package_identification:_identify(src/urdfbot_description) by extensions ['ignore', 'ignore_ament_install']
[0.466s] Level 1:colcon.colcon_core.package_identification:_identify(src/urdfbot_description) by extension 'ignore'
[0.466s] Level 1:colcon.colcon_core.package_identification:_identify(src/urdfbot_description) by extension 'ignore_ament_install'
[0.466s] Level 1:colcon.colcon_core.package_identification:_identify(src/urdfbot_description) by extensions ['colcon_pkg']
[0.466s] Level 1:colcon.colcon_core.package_identification:_identify(src/urdfbot_description) by extension 'colcon_pkg'
[0.466s] Level 1:colcon.colcon_core.package_identification:_identify(src/urdfbot_description) by extensions ['colcon_meta']
[0.466s] Level 1:colcon.colcon_core.package_identification:_identify(src/urdfbot_description) by extension 'colcon_meta'
[0.466s] Level 1:colcon.colcon_core.package_identification:_identify(src/urdfbot_description) by extensions ['ros']
[0.466s] Level 1:colcon.colcon_core.package_identification:_identify(src/urdfbot_description) by extension 'ros'
[0.468s] DEBUG:colcon.colcon_core.package_identification:Package 'src/urdfbot_description' with type 'ros.ament_cmake' and name 'urdfbot_description'
[0.468s] Level 1:colcon.colcon_core.package_discovery:discover_packages(recursive) using defaults
[0.468s] Level 1:colcon.colcon_core.package_discovery:discover_packages(ignore) discover
[0.468s] Level 1:colcon.colcon_core.package_discovery:discover_packages(ignore) using defaults
[0.468s] Level 1:colcon.colcon_core.package_discovery:discover_packages(path) discover
[0.468s] Level 1:colcon.colcon_core.package_discovery:discover_packages(path) using defaults
[0.510s] Level 1:colcon.colcon_core.package_discovery:discover_packages(prefix_path) check parameters
[0.510s] Level 1:colcon.colcon_core.package_discovery:discover_packages(prefix_path) discover
[0.523s] DEBUG:colcon.colcon_installed_package_information.package_discovery:Found 1 installed packages in /home/llagoeiro/Desktop/TheConstruct/URDF_ROS2/Aula01/urdf_ws/install
[0.530s] DEBUG:colcon.colcon_installed_package_information.package_discovery:Found 275 installed packages in /opt/ros/humble
[0.530s] Level 1:colcon.colcon_core.package_discovery:discover_packages(prefix_path) using defaults
[0.576s] Level 5:colcon.colcon_core.verb:set package 'urdfbot_description' build argument 'cmake_args' from command line to 'None'
[0.576s] Level 5:colcon.colcon_core.verb:set package 'urdfbot_description' build argument 'cmake_target' from command line to 'None'
[0.576s] Level 5:colcon.colcon_core.verb:set package 'urdfbot_description' build argument 'cmake_target_skip_unavailable' from command line to 'False'
[0.576s] Level 5:colcon.colcon_core.verb:set package 'urdfbot_description' build argument 'cmake_clean_cache' from command line to 'False'
[0.576s] Level 5:colcon.colcon_core.verb:set package 'urdfbot_description' build argument 'cmake_clean_first' from command line to 'False'
[0.576s] Level 5:colcon.colcon_core.verb:set package 'urdfbot_description' build argument 'cmake_force_configure' from command line to 'False'
[0.576s] Level 5:colcon.colcon_core.verb:set package 'urdfbot_description' build argument 'ament_cmake_args' from command line to 'None'
[0.576s] Level 5:colcon.colcon_core.verb:set package 'urdfbot_description' build argument 'catkin_cmake_args' from command line to 'None'
[0.576s] Level 5:colcon.colcon_core.verb:set package 'urdfbot_description' build argument 'catkin_skip_building_tests' from command line to 'False'
[0.576s] DEBUG:colcon.colcon_core.verb:Building package 'urdfbot_description' with the following arguments: {'ament_cmake_args': None, 'build_base': '/home/llagoeiro/Desktop/TheConstruct/URDF_ROS2/Aula01/urdf_ws/build/urdfbot_description', 'catkin_cmake_args': None, 'catkin_skip_building_tests': False, 'cmake_args': None, 'cmake_clean_cache': False, 'cmake_clean_first': False, 'cmake_force_configure': False, 'cmake_target': None, 'cmake_target_skip_unavailable': False, 'install_base': '/home/llagoeiro/Desktop/TheConstruct/URDF_ROS2/Aula01/urdf_ws/install/urdfbot_description', 'merge_install': False, 'path': '/home/llagoeiro/Desktop/TheConstruct/URDF_ROS2/Aula01/urdf_ws/src/urdfbot_description', 'symlink_install': True, 'test_result_base': None}
[0.583s] INFO:colcon.colcon_core.executor:Executing jobs using 'parallel' executor
[0.590s] DEBUG:colcon.colcon_parallel_executor.executor.parallel:run_until_complete
[0.590s] INFO:colcon.colcon_ros.task.ament_cmake.build:Building ROS package in '/home/llagoeiro/Desktop/TheConstruct/URDF_ROS2/Aula01/urdf_ws/src/urdfbot_description' with build type 'ament_cmake'
[0.590s] INFO:colcon.colcon_cmake.task.cmake.build:Building CMake package in '/home/llagoeiro/Desktop/TheConstruct/URDF_ROS2/Aula01/urdf_ws/src/urdfbot_description'
[0.597s] INFO:colcon.colcon_core.plugin_system:Skipping extension 'colcon_core.shell.bat': Not used on non-Windows systems
[0.597s] INFO:colcon.colcon_core.shell:Skip shell extension 'powershell' for command environment: Not usable outside of PowerShell
[0.597s] DEBUG:colcon.colcon_core.shell:Skip shell extension 'dsv' for command environment
[0.622s] DEBUG:colcon.colcon_core.event_handler.log_command:Invoking command in '/home/llagoeiro/Desktop/TheConstruct/URDF_ROS2/Aula01/urdf_ws/build/urdfbot_description': CMAKE_PREFIX_PATH=${CMAKE_PREFIX_PATH}:/opt/ros/humble /usr/bin/cmake --build /home/llagoeiro/Desktop/TheConstruct/URDF_ROS2/Aula01/urdf_ws/build/urdfbot_description -- -j12 -l12
[0.645s] DEBUG:colcon.colcon_core.event_handler.log_command:Invoked command in '/home/llagoeiro/Desktop/TheConstruct/URDF_ROS2/Aula01/urdf_ws/build/urdfbot_description' returned '0': CMAKE_PREFIX_PATH=${CMAKE_PREFIX_PATH}:/opt/ros/humble /usr/bin/cmake --build /home/llagoeiro/Desktop/TheConstruct/URDF_ROS2/Aula01/urdf_ws/build/urdfbot_description -- -j12 -l12
[0.662s] DEBUG:colcon.colcon_core.event_handler.log_command:Invoking command in '/home/llagoeiro/Desktop/TheConstruct/URDF_ROS2/Aula01/urdf_ws/build/urdfbot_description': CMAKE_PREFIX_PATH=${CMAKE_PREFIX_PATH}:/opt/ros/humble /usr/bin/cmake --install /home/llagoeiro/Desktop/TheConstruct/URDF_ROS2/Aula01/urdf_ws/build/urdfbot_description
[0.675s] Level 1:colcon.colcon_core.environment:create_environment_scripts_only(urdfbot_description)
[0.675s] DEBUG:colcon.colcon_core.event_handler.log_command:Invoked command in '/home/llagoeiro/Desktop/TheConstruct/URDF_ROS2/Aula01/urdf_ws/build/urdfbot_description' returned '0': CMAKE_PREFIX_PATH=${CMAKE_PREFIX_PATH}:/opt/ros/humble /usr/bin/cmake --install /home/llagoeiro/Desktop/TheConstruct/URDF_ROS2/Aula01/urdf_ws/build/urdfbot_description
[0.685s] Level 1:colcon.colcon_core.environment:checking '/home/llagoeiro/Desktop/TheConstruct/URDF_ROS2/Aula01/urdf_ws/install/urdfbot_description' for CMake module files
[0.685s] Level 1:colcon.colcon_core.environment:checking '/home/llagoeiro/Desktop/TheConstruct/URDF_ROS2/Aula01/urdf_ws/install/urdfbot_description' for CMake config files
[0.685s] Level 1:colcon.colcon_core.shell:create_environment_hook('urdfbot_description', 'cmake_prefix_path')
[0.692s] INFO:colcon.colcon_core.shell:Creating environment hook '/home/llagoeiro/Desktop/TheConstruct/URDF_ROS2/Aula01/urdf_ws/install/urdfbot_description/share/urdfbot_description/hook/cmake_prefix_path.ps1'
[0.692s] INFO:colcon.colcon_core.shell:Creating environment descriptor '/home/llagoeiro/Desktop/TheConstruct/URDF_ROS2/Aula01/urdf_ws/install/urdfbot_description/share/urdfbot_description/hook/cmake_prefix_path.dsv'
[0.692s] INFO:colcon.colcon_core.shell:Creating environment hook '/home/llagoeiro/Desktop/TheConstruct/URDF_ROS2/Aula01/urdf_ws/install/urdfbot_description/share/urdfbot_description/hook/cmake_prefix_path.sh'
[0.693s] Level 1:colcon.colcon_core.environment:checking '/home/llagoeiro/Desktop/TheConstruct/URDF_ROS2/Aula01/urdf_ws/install/urdfbot_description/bin'
[0.693s] Level 1:colcon.colcon_core.environment:checking '/home/llagoeiro/Desktop/TheConstruct/URDF_ROS2/Aula01/urdf_ws/install/urdfbot_description/lib/pkgconfig/urdfbot_description.pc'
[0.693s] Level 1:colcon.colcon_core.environment:checking '/home/llagoeiro/Desktop/TheConstruct/URDF_ROS2/Aula01/urdf_ws/install/urdfbot_description/lib/python3.10/site-packages'
[0.693s] Level 1:colcon.colcon_core.environment:checking '/home/llagoeiro/Desktop/TheConstruct/URDF_ROS2/Aula01/urdf_ws/install/urdfbot_description/bin'
[0.700s] INFO:colcon.colcon_core.shell:Creating package script '/home/llagoeiro/Desktop/TheConstruct/URDF_ROS2/Aula01/urdf_ws/install/urdfbot_description/share/urdfbot_description/package.ps1'
[0.700s] INFO:colcon.colcon_core.shell:Creating package descriptor '/home/llagoeiro/Desktop/TheConstruct/URDF_ROS2/Aula01/urdf_ws/install/urdfbot_description/share/urdfbot_description/package.dsv'
[0.700s] INFO:colcon.colcon_core.shell:Creating package script '/home/llagoeiro/Desktop/TheConstruct/URDF_ROS2/Aula01/urdf_ws/install/urdfbot_description/share/urdfbot_description/package.sh'
[0.701s] INFO:colcon.colcon_core.shell:Creating package script '/home/llagoeiro/Desktop/TheConstruct/URDF_ROS2/Aula01/urdf_ws/install/urdfbot_description/share/urdfbot_description/package.bash'
[0.701s] INFO:colcon.colcon_core.shell:Creating package script '/home/llagoeiro/Desktop/TheConstruct/URDF_ROS2/Aula01/urdf_ws/install/urdfbot_description/share/urdfbot_description/package.zsh'
[0.701s] Level 1:colcon.colcon_core.environment:create_file_with_runtime_dependencies(/home/llagoeiro/Desktop/TheConstruct/URDF_ROS2/Aula01/urdf_ws/install/urdfbot_description/share/colcon-core/packages/urdfbot_description)
[0.720s] Level 1:colcon.colcon_core.environment:create_environment_scripts_only(urdfbot_description)
[0.726s] Level 1:colcon.colcon_core.environment:checking '/home/llagoeiro/Desktop/TheConstruct/URDF_ROS2/Aula01/urdf_ws/install/urdfbot_description' for CMake module files
[0.726s] Level 1:colcon.colcon_core.environment:checking '/home/llagoeiro/Desktop/TheConstruct/URDF_ROS2/Aula01/urdf_ws/install/urdfbot_description' for CMake config files
[0.727s] Level 1:colcon.colcon_core.shell:create_environment_hook('urdfbot_description', 'cmake_prefix_path')
[0.733s] INFO:colcon.colcon_core.shell:Creating environment hook '/home/llagoeiro/Desktop/TheConstruct/URDF_ROS2/Aula01/urdf_ws/install/urdfbot_description/share/urdfbot_description/hook/cmake_prefix_path.ps1'
[0.733s] INFO:colcon.colcon_core.shell:Creating environment descriptor '/home/llagoeiro/Desktop/TheConstruct/URDF_ROS2/Aula01/urdf_ws/install/urdfbot_description/share/urdfbot_description/hook/cmake_prefix_path.dsv'
[0.733s] INFO:colcon.colcon_core.shell:Creating environment hook '/home/llagoeiro/Desktop/TheConstruct/URDF_ROS2/Aula01/urdf_ws/install/urdfbot_description/share/urdfbot_description/hook/cmake_prefix_path.sh'
[0.734s] Level 1:colcon.colcon_core.environment:checking '/home/llagoeiro/Desktop/TheConstruct/URDF_ROS2/Aula01/urdf_ws/install/urdfbot_description/bin'
[0.734s] Level 1:colcon.colcon_core.environment:checking '/home/llagoeiro/Desktop/TheConstruct/URDF_ROS2/Aula01/urdf_ws/install/urdfbot_description/lib/pkgconfig/urdfbot_description.pc'
[0.734s] Level 1:colcon.colcon_core.environment:checking '/home/llagoeiro/Desktop/TheConstruct/URDF_ROS2/Aula01/urdf_ws/install/urdfbot_description/lib/python3.10/site-packages'
[0.734s] Level 1:colcon.colcon_core.environment:checking '/home/llagoeiro/Desktop/TheConstruct/URDF_ROS2/Aula01/urdf_ws/install/urdfbot_description/bin'
[0.740s] INFO:colcon.colcon_core.shell:Creating package script '/home/llagoeiro/Desktop/TheConstruct/URDF_ROS2/Aula01/urdf_ws/install/urdfbot_description/share/urdfbot_description/package.ps1'
[0.740s] INFO:colcon.colcon_core.shell:Creating package descriptor '/home/llagoeiro/Desktop/TheConstruct/URDF_ROS2/Aula01/urdf_ws/install/urdfbot_description/share/urdfbot_description/package.dsv'
[0.740s] INFO:colcon.colcon_core.shell:Creating package script '/home/llagoeiro/Desktop/TheConstruct/URDF_ROS2/Aula01/urdf_ws/install/urdfbot_description/share/urdfbot_description/package.sh'
[0.741s] INFO:colcon.colcon_core.shell:Creating package script '/home/llagoeiro/Desktop/TheConstruct/URDF_ROS2/Aula01/urdf_ws/install/urdfbot_description/share/urdfbot_description/package.bash'
[0.741s] INFO:colcon.colcon_core.shell:Creating package script '/home/llagoeiro/Desktop/TheConstruct/URDF_ROS2/Aula01/urdf_ws/install/urdfbot_description/share/urdfbot_description/package.zsh'
[0.741s] Level 1:colcon.colcon_core.environment:create_file_with_runtime_dependencies(/home/llagoeiro/Desktop/TheConstruct/URDF_ROS2/Aula01/urdf_ws/install/urdfbot_description/share/colcon-core/packages/urdfbot_description)
[0.741s] DEBUG:colcon.colcon_parallel_executor.executor.parallel:closing loop
[0.741s] DEBUG:colcon.colcon_parallel_executor.executor.parallel:loop closed
[0.741s] DEBUG:colcon.colcon_parallel_executor.executor.parallel:run_until_complete finished with '0'
[0.741s] DEBUG:colcon.colcon_core.event_reactor:joining thread
[0.759s] INFO:colcon.colcon_core.plugin_system:Skipping extension 'colcon_notification.desktop_notification.terminal_notifier': Not used on non-Darwin systems
[0.759s] INFO:colcon.colcon_core.plugin_system:Skipping extension 'colcon_notification.desktop_notification.win32': Not used on non-Windows systems
[0.759s] INFO:colcon.colcon_notification.desktop_notification:Sending desktop notification using 'notify2'
[0.769s] DEBUG:colcon.colcon_core.event_reactor:joined thread
[0.775s] INFO:colcon.colcon_core.shell:Creating prefix script '/home/llagoeiro/Desktop/TheConstruct/URDF_ROS2/Aula01/urdf_ws/install/local_setup.ps1'
[0.776s] INFO:colcon.colcon_core.shell:Creating prefix util module '/home/llagoeiro/Desktop/TheConstruct/URDF_ROS2/Aula01/urdf_ws/install/_local_setup_util_ps1.py'
[0.777s] INFO:colcon.colcon_core.shell:Creating prefix chain script '/home/llagoeiro/Desktop/TheConstruct/URDF_ROS2/Aula01/urdf_ws/install/setup.ps1'
[0.783s] INFO:colcon.colcon_core.shell:Creating prefix script '/home/llagoeiro/Desktop/TheConstruct/URDF_ROS2/Aula01/urdf_ws/install/local_setup.sh'
[0.784s] INFO:colcon.colcon_core.shell:Creating prefix util module '/home/llagoeiro/Desktop/TheConstruct/URDF_ROS2/Aula01/urdf_ws/install/_local_setup_util_sh.py'
[0.784s] INFO:colcon.colcon_core.shell:Creating prefix chain script '/home/llagoeiro/Desktop/TheConstruct/URDF_ROS2/Aula01/urdf_ws/install/setup.sh'
[0.791s] INFO:colcon.colcon_core.shell:Creating prefix script '/home/llagoeiro/Desktop/TheConstruct/URDF_ROS2/Aula01/urdf_ws/install/local_setup.bash'
[0.791s] INFO:colcon.colcon_core.shell:Creating prefix chain script '/home/llagoeiro/Desktop/TheConstruct/URDF_ROS2/Aula01/urdf_ws/install/setup.bash'
[0.797s] INFO:colcon.colcon_core.shell:Creating prefix script '/home/llagoeiro/Desktop/TheConstruct/URDF_ROS2/Aula01/urdf_ws/install/local_setup.zsh'
[0.798s] INFO:colcon.colcon_core.shell:Creating prefix chain script '/home/llagoeiro/Desktop/TheConstruct/URDF_ROS2/Aula01/urdf_ws/install/setup.zsh'
