[0.030s] Invoking command in '/home/llagoeiro/Desktop/TheConstruct/URDF_ROS2/Aula01/ros2_ws/build/urdfbot_description': CMAKE_PREFIX_PATH=${CMAKE_PREFIX_PATH}:/opt/ros/humble /usr/bin/cmake /home/llagoeiro/Desktop/TheConstruct/URDF_ROS2/Aula01/ros2_ws/src/urdfbot_description -DCMAKE_INSTALL_PREFIX=/home/llagoeiro/Desktop/TheConstruct/URDF_ROS2/Aula01/ros2_ws/install/urdfbot_description
[0.064s] -- The C compiler identification is GNU 11.4.0
[0.096s] -- The CXX compiler identification is GNU 11.4.0
[0.100s] -- Detecting C compiler ABI info
[0.142s] -- Detecting C compiler ABI info - done
[0.146s] -- Check for working C compiler: /usr/bin/cc - skipped
[0.146s] -- Detecting C compile features
[0.146s] -- Detecting C compile features - done
[0.148s] -- Detecting CXX compiler ABI info
[0.199s] -- Detecting CXX compiler ABI info - done
[0.203s] -- Check for working CXX compiler: /usr/bin/c++ - skipped
[0.203s] -- Detecting CXX compile features
[0.204s] -- Detecting CXX compile features - done
[0.205s] -- Found ament_cmake: 1.3.8 (/opt/ros/humble/share/ament_cmake/cmake)
[0.296s] -- Found Python3: /usr/bin/python3 (found version "3.10.12") found components: Interpreter 
[0.343s] -- Found urdf: 2.6.0 (/opt/ros/humble/share/urdf/cmake)
[0.372s] -- Found xacro: 2.0.8 (/opt/ros/humble/share/xacro/cmake)
[0.373s] -- Found ament_lint_auto: 0.12.10 (/opt/ros/humble/share/ament_lint_auto/cmake)
[0.417s] -- Added test 'flake8' to check Python code syntax and style conventions
[0.417s] -- Added test 'lint_cmake' to check CMake code style
[0.417s] -- Added test 'pep257' to check Python code against some of the docstring style conventions in PEP 257
[0.418s] -- Added test 'xmllint' to check XML markup files
[0.418s] -- Configuring done
[0.420s] -- Generating done
[0.420s] -- Build files have been written to: /home/llagoeiro/Desktop/TheConstruct/URDF_ROS2/Aula01/ros2_ws/build/urdfbot_description
[0.425s] Invoked command in '/home/llagoeiro/Desktop/TheConstruct/URDF_ROS2/Aula01/ros2_ws/build/urdfbot_description' returned '0': CMAKE_PREFIX_PATH=${CMAKE_PREFIX_PATH}:/opt/ros/humble /usr/bin/cmake /home/llagoeiro/Desktop/TheConstruct/URDF_ROS2/Aula01/ros2_ws/src/urdfbot_description -DCMAKE_INSTALL_PREFIX=/home/llagoeiro/Desktop/TheConstruct/URDF_ROS2/Aula01/ros2_ws/install/urdfbot_description
[0.426s] Invoking command in '/home/llagoeiro/Desktop/TheConstruct/URDF_ROS2/Aula01/ros2_ws/build/urdfbot_description': CMAKE_PREFIX_PATH=${CMAKE_PREFIX_PATH}:/opt/ros/humble /usr/bin/cmake --build /home/llagoeiro/Desktop/TheConstruct/URDF_ROS2/Aula01/ros2_ws/build/urdfbot_description -- -j12 -l12
[0.448s] Invoked command in '/home/llagoeiro/Desktop/TheConstruct/URDF_ROS2/Aula01/ros2_ws/build/urdfbot_description' returned '0': CMAKE_PREFIX_PATH=${CMAKE_PREFIX_PATH}:/opt/ros/humble /usr/bin/cmake --build /home/llagoeiro/Desktop/TheConstruct/URDF_ROS2/Aula01/ros2_ws/build/urdfbot_description -- -j12 -l12
[0.469s] Invoking command in '/home/llagoeiro/Desktop/TheConstruct/URDF_ROS2/Aula01/ros2_ws/build/urdfbot_description': CMAKE_PREFIX_PATH=${CMAKE_PREFIX_PATH}:/opt/ros/humble /usr/bin/cmake --install /home/llagoeiro/Desktop/TheConstruct/URDF_ROS2/Aula01/ros2_ws/build/urdfbot_description
[0.473s] -- Install configuration: ""
[0.473s] -- Installing: /home/llagoeiro/Desktop/TheConstruct/URDF_ROS2/Aula01/ros2_ws/install/urdfbot_description/share/ament_index/resource_index/package_run_dependencies/urdfbot_description
[0.474s] -- Installing: /home/llagoeiro/Desktop/TheConstruct/URDF_ROS2/Aula01/ros2_ws/install/urdfbot_description/share/ament_index/resource_index/parent_prefix_path/urdfbot_description
[0.474s] -- Installing: /home/llagoeiro/Desktop/TheConstruct/URDF_ROS2/Aula01/ros2_ws/install/urdfbot_description/share/urdfbot_description/environment/ament_prefix_path.sh
[0.474s] -- Installing: /home/llagoeiro/Desktop/TheConstruct/URDF_ROS2/Aula01/ros2_ws/install/urdfbot_description/share/urdfbot_description/environment/ament_prefix_path.dsv
[0.474s] -- Installing: /home/llagoeiro/Desktop/TheConstruct/URDF_ROS2/Aula01/ros2_ws/install/urdfbot_description/share/urdfbot_description/environment/path.sh
[0.474s] -- Installing: /home/llagoeiro/Desktop/TheConstruct/URDF_ROS2/Aula01/ros2_ws/install/urdfbot_description/share/urdfbot_description/environment/path.dsv
[0.474s] -- Installing: /home/llagoeiro/Desktop/TheConstruct/URDF_ROS2/Aula01/ros2_ws/install/urdfbot_description/share/urdfbot_description/local_setup.bash
[0.474s] -- Installing: /home/llagoeiro/Desktop/TheConstruct/URDF_ROS2/Aula01/ros2_ws/install/urdfbot_description/share/urdfbot_description/local_setup.sh
[0.474s] -- Installing: /home/llagoeiro/Desktop/TheConstruct/URDF_ROS2/Aula01/ros2_ws/install/urdfbot_description/share/urdfbot_description/local_setup.zsh
[0.474s] -- Installing: /home/llagoeiro/Desktop/TheConstruct/URDF_ROS2/Aula01/ros2_ws/install/urdfbot_description/share/urdfbot_description/local_setup.dsv
[0.474s] -- Installing: /home/llagoeiro/Desktop/TheConstruct/URDF_ROS2/Aula01/ros2_ws/install/urdfbot_description/share/urdfbot_description/package.dsv
[0.475s] -- Installing: /home/llagoeiro/Desktop/TheConstruct/URDF_ROS2/Aula01/ros2_ws/install/urdfbot_description/share/ament_index/resource_index/packages/urdfbot_description
[0.475s] -- Installing: /home/llagoeiro/Desktop/TheConstruct/URDF_ROS2/Aula01/ros2_ws/install/urdfbot_description/share/urdfbot_description/cmake/urdfbot_descriptionConfig.cmake
[0.475s] -- Installing: /home/llagoeiro/Desktop/TheConstruct/URDF_ROS2/Aula01/ros2_ws/install/urdfbot_description/share/urdfbot_description/cmake/urdfbot_descriptionConfig-version.cmake
[0.475s] -- Installing: /home/llagoeiro/Desktop/TheConstruct/URDF_ROS2/Aula01/ros2_ws/install/urdfbot_description/share/urdfbot_description/package.xml
[0.475s] Invoked command in '/home/llagoeiro/Desktop/TheConstruct/URDF_ROS2/Aula01/ros2_ws/build/urdfbot_description' returned '0': CMAKE_PREFIX_PATH=${CMAKE_PREFIX_PATH}:/opt/ros/humble /usr/bin/cmake --install /home/llagoeiro/Desktop/TheConstruct/URDF_ROS2/Aula01/ros2_ws/build/urdfbot_description
