[0.024s] Invoking command in '/home/llagoeiro/Desktop/TheConstruct/URDF_ROS2/Aula01/urdf_ws/build/urdfbot_description': CMAKE_PREFIX_PATH=/opt/ros/humble /usr/bin/cmake /home/llagoeiro/Desktop/TheConstruct/URDF_ROS2/Aula01/urdf_ws/src/urdfbot_description -DCMAKE_INSTALL_PREFIX=/home/llagoeiro/Desktop/TheConstruct/URDF_ROS2/Aula01/urdf_ws/install/urdfbot_description
[0.079s] -- The C compiler identification is GNU 11.4.0
[0.133s] -- The CXX compiler identification is GNU 11.4.0
[0.140s] -- Detecting C compiler ABI info
[0.182s] -- Detecting C compiler ABI info - done
[0.188s] -- Check for working C compiler: /usr/bin/cc - skipped
[0.188s] -- Detecting C compile features
[0.188s] -- Detecting C compile features - done
[0.191s] -- Detecting CXX compiler ABI info
[0.239s] -- Detecting CXX compiler ABI info - done
[0.246s] -- Check for working CXX compiler: /usr/bin/c++ - skipped
[0.246s] -- Detecting CXX compile features
[0.247s] -- Detecting CXX compile features - done
[0.249s] -- Found ament_cmake: 1.3.8 (/opt/ros/humble/share/ament_cmake/cmake)
[0.339s] -- Found Python3: /usr/bin/python3 (found version "3.10.12") found components: Interpreter 
[0.397s] -- Found urdf: 2.6.0 (/opt/ros/humble/share/urdf/cmake)
[0.430s] -- Found xacro: 2.0.8 (/opt/ros/humble/share/xacro/cmake)
[0.431s] -- Found ament_lint_auto: 0.12.10 (/opt/ros/humble/share/ament_lint_auto/cmake)
[0.481s] -- Added test 'copyright' to check source files copyright and LICENSE
[0.482s] -- Added test 'flake8' to check Python code syntax and style conventions
[0.483s] -- Added test 'lint_cmake' to check CMake code style
[0.483s] -- Added test 'pep257' to check Python code against some of the docstring style conventions in PEP 257
[0.484s] -- Added test 'xmllint' to check XML markup files
[0.484s] -- Configuring done
[0.486s] -- Generating done
[0.487s] -- Build files have been written to: /home/llagoeiro/Desktop/TheConstruct/URDF_ROS2/Aula01/urdf_ws/build/urdfbot_description
[0.492s] Invoked command in '/home/llagoeiro/Desktop/TheConstruct/URDF_ROS2/Aula01/urdf_ws/build/urdfbot_description' returned '0': CMAKE_PREFIX_PATH=/opt/ros/humble /usr/bin/cmake /home/llagoeiro/Desktop/TheConstruct/URDF_ROS2/Aula01/urdf_ws/src/urdfbot_description -DCMAKE_INSTALL_PREFIX=/home/llagoeiro/Desktop/TheConstruct/URDF_ROS2/Aula01/urdf_ws/install/urdfbot_description
[0.492s] Invoking command in '/home/llagoeiro/Desktop/TheConstruct/URDF_ROS2/Aula01/urdf_ws/build/urdfbot_description': CMAKE_PREFIX_PATH=/opt/ros/humble /usr/bin/cmake --build /home/llagoeiro/Desktop/TheConstruct/URDF_ROS2/Aula01/urdf_ws/build/urdfbot_description -- -j12 -l12
[0.514s] Invoked command in '/home/llagoeiro/Desktop/TheConstruct/URDF_ROS2/Aula01/urdf_ws/build/urdfbot_description' returned '0': CMAKE_PREFIX_PATH=/opt/ros/humble /usr/bin/cmake --build /home/llagoeiro/Desktop/TheConstruct/URDF_ROS2/Aula01/urdf_ws/build/urdfbot_description -- -j12 -l12
[0.531s] Invoking command in '/home/llagoeiro/Desktop/TheConstruct/URDF_ROS2/Aula01/urdf_ws/build/urdfbot_description': CMAKE_PREFIX_PATH=/opt/ros/humble /usr/bin/cmake --install /home/llagoeiro/Desktop/TheConstruct/URDF_ROS2/Aula01/urdf_ws/build/urdfbot_description
[0.535s] -- Install configuration: ""
[0.536s] -- Installing: /home/llagoeiro/Desktop/TheConstruct/URDF_ROS2/Aula01/urdf_ws/install/urdfbot_description/share/urdfbot_description//urdf
[0.536s] -- Installing: /home/llagoeiro/Desktop/TheConstruct/URDF_ROS2/Aula01/urdf_ws/install/urdfbot_description/share/urdfbot_description//urdf/test.urdf
[0.536s] -- Installing: /home/llagoeiro/Desktop/TheConstruct/URDF_ROS2/Aula01/urdf_ws/install/urdfbot_description/share/urdfbot_description//urdf/urdfbot_simple.urdf
[0.536s] -- Installing: /home/llagoeiro/Desktop/TheConstruct/URDF_ROS2/Aula01/urdf_ws/install/urdfbot_description/share/urdfbot_description//rviz
[0.536s] -- Installing: /home/llagoeiro/Desktop/TheConstruct/URDF_ROS2/Aula01/urdf_ws/install/urdfbot_description/share/urdfbot_description//rviz/robot.rviz
[0.536s] -- Installing: /home/llagoeiro/Desktop/TheConstruct/URDF_ROS2/Aula01/urdf_ws/install/urdfbot_description/share/urdfbot_description//launch
[0.536s] -- Installing: /home/llagoeiro/Desktop/TheConstruct/URDF_ROS2/Aula01/urdf_ws/install/urdfbot_description/share/urdfbot_description//launch/urdf_visualize.launch.py
[0.536s] -- Installing: /home/llagoeiro/Desktop/TheConstruct/URDF_ROS2/Aula01/urdf_ws/install/urdfbot_description/share/ament_index/resource_index/package_run_dependencies/urdfbot_description
[0.536s] -- Installing: /home/llagoeiro/Desktop/TheConstruct/URDF_ROS2/Aula01/urdf_ws/install/urdfbot_description/share/ament_index/resource_index/parent_prefix_path/urdfbot_description
[0.536s] -- Installing: /home/llagoeiro/Desktop/TheConstruct/URDF_ROS2/Aula01/urdf_ws/install/urdfbot_description/share/urdfbot_description/environment/ament_prefix_path.sh
[0.536s] -- Installing: /home/llagoeiro/Desktop/TheConstruct/URDF_ROS2/Aula01/urdf_ws/install/urdfbot_description/share/urdfbot_description/environment/ament_prefix_path.dsv
[0.536s] -- Installing: /home/llagoeiro/Desktop/TheConstruct/URDF_ROS2/Aula01/urdf_ws/install/urdfbot_description/share/urdfbot_description/environment/path.sh
[0.537s] -- Installing: /home/llagoeiro/Desktop/TheConstruct/URDF_ROS2/Aula01/urdf_ws/install/urdfbot_description/share/urdfbot_description/environment/path.dsv
[0.537s] -- Installing: /home/llagoeiro/Desktop/TheConstruct/URDF_ROS2/Aula01/urdf_ws/install/urdfbot_description/share/urdfbot_description/local_setup.bash
[0.537s] -- Installing: /home/llagoeiro/Desktop/TheConstruct/URDF_ROS2/Aula01/urdf_ws/install/urdfbot_description/share/urdfbot_description/local_setup.sh
[0.537s] -- Installing: /home/llagoeiro/Desktop/TheConstruct/URDF_ROS2/Aula01/urdf_ws/install/urdfbot_description/share/urdfbot_description/local_setup.zsh
[0.537s] -- Installing: /home/llagoeiro/Desktop/TheConstruct/URDF_ROS2/Aula01/urdf_ws/install/urdfbot_description/share/urdfbot_description/local_setup.dsv
[0.537s] -- Installing: /home/llagoeiro/Desktop/TheConstruct/URDF_ROS2/Aula01/urdf_ws/install/urdfbot_description/share/urdfbot_description/package.dsv
[0.537s] -- Installing: /home/llagoeiro/Desktop/TheConstruct/URDF_ROS2/Aula01/urdf_ws/install/urdfbot_description/share/ament_index/resource_index/packages/urdfbot_description
[0.537s] -- Installing: /home/llagoeiro/Desktop/TheConstruct/URDF_ROS2/Aula01/urdf_ws/install/urdfbot_description/share/urdfbot_description/cmake/urdfbot_descriptionConfig.cmake
[0.537s] -- Installing: /home/llagoeiro/Desktop/TheConstruct/URDF_ROS2/Aula01/urdf_ws/install/urdfbot_description/share/urdfbot_description/cmake/urdfbot_descriptionConfig-version.cmake
[0.537s] -- Installing: /home/llagoeiro/Desktop/TheConstruct/URDF_ROS2/Aula01/urdf_ws/install/urdfbot_description/share/urdfbot_description/package.xml
[0.538s] Invoked command in '/home/llagoeiro/Desktop/TheConstruct/URDF_ROS2/Aula01/urdf_ws/build/urdfbot_description' returned '0': CMAKE_PREFIX_PATH=/opt/ros/humble /usr/bin/cmake --install /home/llagoeiro/Desktop/TheConstruct/URDF_ROS2/Aula01/urdf_ws/build/urdfbot_description
