[0.024s] Invoking command in '/home/llagoeiro/Desktop/TheConstruct/URDF_ROS2/Aula01/ros2_ws/build/urdfbot_description': CMAKE_PREFIX_PATH=/opt/ros/humble /usr/bin/cmake --build /home/llagoeiro/Desktop/TheConstruct/URDF_ROS2/Aula01/ros2_ws/build/urdfbot_description -- -j12 -l12
[0.041s] -- Found ament_cmake: 1.3.8 (/opt/ros/humble/share/ament_cmake/cmake)
[0.115s] -- Found urdf: 2.6.0 (/opt/ros/humble/share/urdf/cmake)
[0.134s] -- Found xacro: 2.0.8 (/opt/ros/humble/share/xacro/cmake)
[0.134s] -- Found ament_lint_auto: 0.12.10 (/opt/ros/humble/share/ament_lint_auto/cmake)
[0.175s] -- Added test 'copyright' to check source files copyright and LICENSE
[0.176s] -- Added test 'flake8' to check Python code syntax and style conventions
[0.176s] -- Added test 'lint_cmake' to check CMake code style
[0.176s] -- Added test 'pep257' to check Python code against some of the docstring style conventions in PEP 257
[0.177s] -- Added test 'xmllint' to check XML markup files
[0.177s] -- Configuring done
[0.179s] -- Generating done
[0.179s] -- Build files have been written to: /home/llagoeiro/Desktop/TheConstruct/URDF_ROS2/Aula01/ros2_ws/build/urdfbot_description
[0.194s] Invoked command in '/home/llagoeiro/Desktop/TheConstruct/URDF_ROS2/Aula01/ros2_ws/build/urdfbot_description' returned '0': CMAKE_PREFIX_PATH=/opt/ros/humble /usr/bin/cmake --build /home/llagoeiro/Desktop/TheConstruct/URDF_ROS2/Aula01/ros2_ws/build/urdfbot_description -- -j12 -l12
[0.211s] Invoking command in '/home/llagoeiro/Desktop/TheConstruct/URDF_ROS2/Aula01/ros2_ws/build/urdfbot_description': CMAKE_PREFIX_PATH=/opt/ros/humble /usr/bin/cmake --install /home/llagoeiro/Desktop/TheConstruct/URDF_ROS2/Aula01/ros2_ws/build/urdfbot_description
[0.217s] -- Install configuration: ""
[0.217s] -- Installing: /home/llagoeiro/Desktop/TheConstruct/URDF_ROS2/Aula01/ros2_ws/install/urdfbot_description/share/urdfbot_description//urdf
[0.217s] -- Installing: /home/llagoeiro/Desktop/TheConstruct/URDF_ROS2/Aula01/ros2_ws/install/urdfbot_description/share/urdfbot_description//urdf/urdfbot_simple.urdf
[0.217s] -- Installing: /home/llagoeiro/Desktop/TheConstruct/URDF_ROS2/Aula01/ros2_ws/install/urdfbot_description/share/urdfbot_description//rviz
[0.217s] -- Installing: /home/llagoeiro/Desktop/TheConstruct/URDF_ROS2/Aula01/ros2_ws/install/urdfbot_description/share/urdfbot_description//launch
[0.217s] -- Installing: /home/llagoeiro/Desktop/TheConstruct/URDF_ROS2/Aula01/ros2_ws/install/urdfbot_description/share/urdfbot_description//launch/urdf_visualize.launch.py
[0.217s] -- Up-to-date: /home/llagoeiro/Desktop/TheConstruct/URDF_ROS2/Aula01/ros2_ws/install/urdfbot_description/share/ament_index/resource_index/package_run_dependencies/urdfbot_description
[0.217s] -- Installing: /home/llagoeiro/Desktop/TheConstruct/URDF_ROS2/Aula01/ros2_ws/install/urdfbot_description/share/ament_index/resource_index/parent_prefix_path/urdfbot_description
[0.217s] -- Up-to-date: /home/llagoeiro/Desktop/TheConstruct/URDF_ROS2/Aula01/ros2_ws/install/urdfbot_description/share/urdfbot_description/environment/ament_prefix_path.sh
[0.217s] -- Installing: /home/llagoeiro/Desktop/TheConstruct/URDF_ROS2/Aula01/ros2_ws/install/urdfbot_description/share/urdfbot_description/environment/ament_prefix_path.dsv
[0.218s] -- Up-to-date: /home/llagoeiro/Desktop/TheConstruct/URDF_ROS2/Aula01/ros2_ws/install/urdfbot_description/share/urdfbot_description/environment/path.sh
[0.218s] -- Installing: /home/llagoeiro/Desktop/TheConstruct/URDF_ROS2/Aula01/ros2_ws/install/urdfbot_description/share/urdfbot_description/environment/path.dsv
[0.218s] -- Up-to-date: /home/llagoeiro/Desktop/TheConstruct/URDF_ROS2/Aula01/ros2_ws/install/urdfbot_description/share/urdfbot_description/local_setup.bash
[0.218s] -- Up-to-date: /home/llagoeiro/Desktop/TheConstruct/URDF_ROS2/Aula01/ros2_ws/install/urdfbot_description/share/urdfbot_description/local_setup.sh
[0.219s] -- Up-to-date: /home/llagoeiro/Desktop/TheConstruct/URDF_ROS2/Aula01/ros2_ws/install/urdfbot_description/share/urdfbot_description/local_setup.zsh
[0.219s] -- Installing: /home/llagoeiro/Desktop/TheConstruct/URDF_ROS2/Aula01/ros2_ws/install/urdfbot_description/share/urdfbot_description/local_setup.dsv
[0.219s] -- Installing: /home/llagoeiro/Desktop/TheConstruct/URDF_ROS2/Aula01/ros2_ws/install/urdfbot_description/share/urdfbot_description/package.dsv
[0.219s] -- Up-to-date: /home/llagoeiro/Desktop/TheConstruct/URDF_ROS2/Aula01/ros2_ws/install/urdfbot_description/share/ament_index/resource_index/packages/urdfbot_description
[0.219s] -- Up-to-date: /home/llagoeiro/Desktop/TheConstruct/URDF_ROS2/Aula01/ros2_ws/install/urdfbot_description/share/urdfbot_description/cmake/urdfbot_descriptionConfig.cmake
[0.220s] -- Up-to-date: /home/llagoeiro/Desktop/TheConstruct/URDF_ROS2/Aula01/ros2_ws/install/urdfbot_description/share/urdfbot_description/cmake/urdfbot_descriptionConfig-version.cmake
[0.220s] -- Up-to-date: /home/llagoeiro/Desktop/TheConstruct/URDF_ROS2/Aula01/ros2_ws/install/urdfbot_description/share/urdfbot_description/package.xml
[0.220s] Invoked command in '/home/llagoeiro/Desktop/TheConstruct/URDF_ROS2/Aula01/ros2_ws/build/urdfbot_description' returned '0': CMAKE_PREFIX_PATH=/opt/ros/humble /usr/bin/cmake --install /home/llagoeiro/Desktop/TheConstruct/URDF_ROS2/Aula01/ros2_ws/build/urdfbot_description
