[7.545s] DEBUG:colcon:Command line arguments: ['/usr/bin/colcon', 'build']
[7.545s] DEBUG:colcon:Parsed command line arguments: Namespace(allow_overriding=[], ament_cmake_args=None, base_paths=['.'], build_base='build', catkin_cmake_args=None, catkin_skip_building_tests=False, cmake_args=None, cmake_clean_cache=False, cmake_clean_first=False, cmake_force_configure=False, cmake_target=None, cmake_target_skip_unavailable=False, continue_on_error=False, event_handlers=None, executor='parallel', ignore_user_meta=False, install_base='install', log_base=None, log_level=None, main=<bound method BuildVerb.main of <colcon_core.verb.build.BuildVerb object at 0x7ff37024bfd0>>, merge_install=False, metas=['./colcon.meta'], packages_above=None, packages_above_and_dependencies=None, packages_above_depth=None, packages_end=None, packages_ignore=None, packages_ignore_regex=None, packages_select=None, packages_select_build_failed=False, packages_select_by_dep=None, packages_select_regex=None, packages_select_test_failures=False, packages_skip=None, packages_skip_build_finished=False, packages_skip_by_dep=None, packages_skip_regex=None, packages_skip_test_passed=False, packages_skip_up_to=None, packages_start=None, packages_up_to=None, packages_up_to_regex=None, parallel_workers=6, paths=None, symlink_install=False, test_result_base=None, verb_extension=<colcon_core.verb.build.BuildVerb object at 0x7ff37024bfd0>, verb_name='build', verb_parser=<colcon_defaults.argument_parser.defaults.DefaultArgumentsDecorator object at 0x7ff36fed9040>)
[7.855s] Level 1:colcon.colcon_core.package_discovery:discover_packages(colcon_meta) check parameters
[7.856s] Level 1:colcon.colcon_core.package_discovery:discover_packages(recursive) check parameters
[7.856s] Level 1:colcon.colcon_core.package_discovery:discover_packages(ignore) check parameters
[7.856s] Level 1:colcon.colcon_core.package_discovery:discover_packages(path) check parameters
[7.856s] Level 1:colcon.colcon_core.package_discovery:discover_packages(colcon_meta) discover
[7.856s] Level 1:colcon.colcon_core.package_discovery:discover_packages(recursive) discover
[7.856s] INFO:colcon.colcon_core.package_discovery:Crawling recursively for packages in '/home/lucas/Desktop/lucas/Faculdade/7_Semestre/Wall-E-Nav/urdf_ws'
[7.856s] Level 1:colcon.colcon_core.package_identification:_identify(.) by extensions ['ignore', 'ignore_ament_install']
[7.856s] Level 1:colcon.colcon_core.package_identification:_identify(.) by extension 'ignore'
[7.856s] Level 1:colcon.colcon_core.package_identification:_identify(.) by extension 'ignore_ament_install'
[7.856s] Level 1:colcon.colcon_core.package_identification:_identify(.) by extensions ['colcon_pkg']
[7.856s] Level 1:colcon.colcon_core.package_identification:_identify(.) by extension 'colcon_pkg'
[7.856s] Level 1:colcon.colcon_core.package_identification:_identify(.) by extensions ['colcon_meta']
[7.856s] Level 1:colcon.colcon_core.package_identification:_identify(.) by extension 'colcon_meta'
[7.856s] Level 1:colcon.colcon_core.package_identification:_identify(.) by extensions ['ros']
[7.856s] Level 1:colcon.colcon_core.package_identification:_identify(.) by extension 'ros'
[7.888s] Level 1:colcon.colcon_core.package_identification:_identify(.) by extensions ['cmake', 'python']
[7.888s] Level 1:colcon.colcon_core.package_identification:_identify(.) by extension 'cmake'
[7.888s] Level 1:colcon.colcon_core.package_identification:_identify(.) by extension 'python'
[7.888s] Level 1:colcon.colcon_core.package_identification:_identify(.) by extensions ['python_setup_py']
[7.888s] Level 1:colcon.colcon_core.package_identification:_identify(.) by extension 'python_setup_py'
[7.888s] Level 1:colcon.colcon_core.package_identification:_identify(build) by extensions ['ignore', 'ignore_ament_install']
[7.888s] Level 1:colcon.colcon_core.package_identification:_identify(build) by extension 'ignore'
[7.888s] Level 1:colcon.colcon_core.package_identification:_identify(build) ignored
[7.888s] Level 1:colcon.colcon_core.package_identification:_identify(install) by extensions ['ignore', 'ignore_ament_install']
[7.889s] Level 1:colcon.colcon_core.package_identification:_identify(install) by extension 'ignore'
[7.889s] Level 1:colcon.colcon_core.package_identification:_identify(install) ignored
[7.889s] Level 1:colcon.colcon_core.package_identification:_identify(log) by extensions ['ignore', 'ignore_ament_install']
[7.889s] Level 1:colcon.colcon_core.package_identification:_identify(log) by extension 'ignore'
[7.889s] Level 1:colcon.colcon_core.package_identification:_identify(log) ignored
[7.889s] Level 1:colcon.colcon_core.package_identification:_identify(src) by extensions ['ignore', 'ignore_ament_install']
[7.889s] Level 1:colcon.colcon_core.package_identification:_identify(src) by extension 'ignore'
[7.889s] Level 1:colcon.colcon_core.package_identification:_identify(src) by extension 'ignore_ament_install'
[7.889s] Level 1:colcon.colcon_core.package_identification:_identify(src) by extensions ['colcon_pkg']
[7.889s] Level 1:colcon.colcon_core.package_identification:_identify(src) by extension 'colcon_pkg'
[7.889s] Level 1:colcon.colcon_core.package_identification:_identify(src) by extensions ['colcon_meta']
[7.889s] Level 1:colcon.colcon_core.package_identification:_identify(src) by extension 'colcon_meta'
[7.889s] Level 1:colcon.colcon_core.package_identification:_identify(src) by extensions ['ros']
[7.890s] Level 1:colcon.colcon_core.package_identification:_identify(src) by extension 'ros'
[7.890s] Level 1:colcon.colcon_core.package_identification:_identify(src) by extensions ['cmake', 'python']
[7.890s] Level 1:colcon.colcon_core.package_identification:_identify(src) by extension 'cmake'
[7.890s] Level 1:colcon.colcon_core.package_identification:_identify(src) by extension 'python'
[7.890s] Level 1:colcon.colcon_core.package_identification:_identify(src) by extensions ['python_setup_py']
[7.890s] Level 1:colcon.colcon_core.package_identification:_identify(src) by extension 'python_setup_py'
[7.890s] Level 1:colcon.colcon_core.package_identification:_identify(src/urdfbot_description) by extensions ['ignore', 'ignore_ament_install']
[7.890s] Level 1:colcon.colcon_core.package_identification:_identify(src/urdfbot_description) by extension 'ignore'
[7.890s] Level 1:colcon.colcon_core.package_identification:_identify(src/urdfbot_description) by extension 'ignore_ament_install'
[7.890s] Level 1:colcon.colcon_core.package_identification:_identify(src/urdfbot_description) by extensions ['colcon_pkg']
[7.890s] Level 1:colcon.colcon_core.package_identification:_identify(src/urdfbot_description) by extension 'colcon_pkg'
[7.890s] Level 1:colcon.colcon_core.package_identification:_identify(src/urdfbot_description) by extensions ['colcon_meta']
[7.890s] Level 1:colcon.colcon_core.package_identification:_identify(src/urdfbot_description) by extension 'colcon_meta'
[7.890s] Level 1:colcon.colcon_core.package_identification:_identify(src/urdfbot_description) by extensions ['ros']
[7.890s] Level 1:colcon.colcon_core.package_identification:_identify(src/urdfbot_description) by extension 'ros'
[7.894s] DEBUG:colcon.colcon_core.package_identification:Package 'src/urdfbot_description' with type 'ros.ament_cmake' and name 'urdfbot_description'
[7.894s] Level 1:colcon.colcon_core.package_discovery:discover_packages(recursive) using defaults
[7.894s] Level 1:colcon.colcon_core.package_discovery:discover_packages(ignore) discover
[7.894s] Level 1:colcon.colcon_core.package_discovery:discover_packages(ignore) using defaults
[7.894s] Level 1:colcon.colcon_core.package_discovery:discover_packages(path) discover
[7.894s] Level 1:colcon.colcon_core.package_discovery:discover_packages(path) using defaults
[8.593s] Level 1:colcon.colcon_core.package_discovery:discover_packages(prefix_path) check parameters
[8.593s] Level 1:colcon.colcon_core.package_discovery:discover_packages(prefix_path) discover
[8.729s] WARNING:colcon.colcon_core.prefix_path.colcon:The path '/home/lucas/Desktop/lucas/Faculdade/7 °/Wall-E-Nav/urdf_ws/install' in the environment variable COLCON_PREFIX_PATH doesn't exist
[8.730s] WARNING:colcon.colcon_core.prefix_path.colcon:The path '/home/lucas/Desktop/lucas/Faculdade/7 °/fagner_urdf/install' in the environment variable COLCON_PREFIX_PATH doesn't exist
[8.730s] WARNING:colcon.colcon_core.prefix_path.colcon:The path '/home/lucas/Desktop/lucas/Faculdade/7 °/urdf/install' in the environment variable COLCON_PREFIX_PATH doesn't exist
[8.730s] WARNING:colcon.colcon_ros.prefix_path.ament:The path '/home/lucas/Desktop/lucas/Faculdade/7 °/Wall-E-Nav/urdf_ws/install/urdfbot_description' in the environment variable AMENT_PREFIX_PATH doesn't exist
[8.730s] WARNING:colcon.colcon_ros.prefix_path.ament:The path '/home/lucas/Desktop/lucas/Faculdade/7 °/fagner_urdf/install/myfirstrobot_description' in the environment variable AMENT_PREFIX_PATH doesn't exist
[8.730s] WARNING:colcon.colcon_ros.prefix_path.ament:The path '/home/lucas/Desktop/lucas/Faculdade/7 °/urdf/install/urdf_tutorial' in the environment variable AMENT_PREFIX_PATH doesn't exist
[8.730s] WARNING:colcon.colcon_ros.prefix_path.catkin:The path '/home/lucas/Desktop/lucas/Faculdade/7 °/Wall-E-Nav/urdf_ws/install/urdfbot_description' in the environment variable CMAKE_PREFIX_PATH doesn't exist
[8.730s] WARNING:colcon.colcon_ros.prefix_path.catkin:The path '/home/lucas/Desktop/lucas/Faculdade/7 °/fagner_urdf/install/myfirstrobot_description' in the environment variable CMAKE_PREFIX_PATH doesn't exist
[8.730s] WARNING:colcon.colcon_ros.prefix_path.catkin:The path '/home/lucas/Desktop/lucas/Faculdade/7 °/urdf/install/urdf_tutorial' in the environment variable CMAKE_PREFIX_PATH doesn't exist
[8.872s] DEBUG:colcon.colcon_installed_package_information.package_discovery:Found 260 installed packages in /opt/ros/foxy
[8.875s] Level 1:colcon.colcon_core.package_discovery:discover_packages(prefix_path) using defaults
[9.276s] Level 5:colcon.colcon_core.verb:set package 'urdfbot_description' build argument 'cmake_args' from command line to 'None'
[9.276s] Level 5:colcon.colcon_core.verb:set package 'urdfbot_description' build argument 'cmake_target' from command line to 'None'
[9.276s] Level 5:colcon.colcon_core.verb:set package 'urdfbot_description' build argument 'cmake_target_skip_unavailable' from command line to 'False'
[9.276s] Level 5:colcon.colcon_core.verb:set package 'urdfbot_description' build argument 'cmake_clean_cache' from command line to 'False'
[9.276s] Level 5:colcon.colcon_core.verb:set package 'urdfbot_description' build argument 'cmake_clean_first' from command line to 'False'
[9.276s] Level 5:colcon.colcon_core.verb:set package 'urdfbot_description' build argument 'cmake_force_configure' from command line to 'False'
[9.276s] Level 5:colcon.colcon_core.verb:set package 'urdfbot_description' build argument 'ament_cmake_args' from command line to 'None'
[9.276s] Level 5:colcon.colcon_core.verb:set package 'urdfbot_description' build argument 'catkin_cmake_args' from command line to 'None'
[9.276s] Level 5:colcon.colcon_core.verb:set package 'urdfbot_description' build argument 'catkin_skip_building_tests' from command line to 'False'
[9.276s] DEBUG:colcon.colcon_core.verb:Building package 'urdfbot_description' with the following arguments: {'ament_cmake_args': None, 'build_base': '/home/lucas/Desktop/lucas/Faculdade/7_Semestre/Wall-E-Nav/urdf_ws/build/urdfbot_description', 'catkin_cmake_args': None, 'catkin_skip_building_tests': False, 'cmake_args': None, 'cmake_clean_cache': False, 'cmake_clean_first': False, 'cmake_force_configure': False, 'cmake_target': None, 'cmake_target_skip_unavailable': False, 'install_base': '/home/lucas/Desktop/lucas/Faculdade/7_Semestre/Wall-E-Nav/urdf_ws/install/urdfbot_description', 'merge_install': False, 'path': '/home/lucas/Desktop/lucas/Faculdade/7_Semestre/Wall-E-Nav/urdf_ws/src/urdfbot_description', 'symlink_install': False, 'test_result_base': None}
[9.413s] INFO:colcon.colcon_core.executor:Executing jobs using 'parallel' executor
[9.549s] DEBUG:colcon.colcon_parallel_executor.executor.parallel:run_until_complete
[9.550s] INFO:colcon.colcon_ros.task.ament_cmake.build:Building ROS package in '/home/lucas/Desktop/lucas/Faculdade/7_Semestre/Wall-E-Nav/urdf_ws/src/urdfbot_description' with build type 'ament_cmake'
[9.550s] INFO:colcon.colcon_cmake.task.cmake.build:Building CMake package in '/home/lucas/Desktop/lucas/Faculdade/7_Semestre/Wall-E-Nav/urdf_ws/src/urdfbot_description'
[9.694s] INFO:colcon.colcon_core.plugin_system:Skipping extension 'colcon_core.shell.bat': Not used on non-Windows systems
[9.695s] INFO:colcon.colcon_core.shell:Skip shell extension 'powershell' for command environment: Not usable outside of PowerShell
[9.695s] DEBUG:colcon.colcon_core.shell:Skip shell extension 'dsv' for command environment
[9.999s] DEBUG:colcon.colcon_core.event_handler.log_command:Invoking command in '/home/lucas/Desktop/lucas/Faculdade/7_Semestre/Wall-E-Nav/urdf_ws/build/urdfbot_description': CMAKE_PREFIX_PATH=${CMAKE_PREFIX_PATH}:/opt/ros/foxy /usr/bin/cmake /home/lucas/Desktop/lucas/Faculdade/7_Semestre/Wall-E-Nav/urdf_ws/src/urdfbot_description -DCMAKE_INSTALL_PREFIX=/home/lucas/Desktop/lucas/Faculdade/7_Semestre/Wall-E-Nav/urdf_ws/install/urdfbot_description
[11.382s] DEBUG:colcon.colcon_core.event_handler.log_command:Invoked command in '/home/lucas/Desktop/lucas/Faculdade/7_Semestre/Wall-E-Nav/urdf_ws/build/urdfbot_description' returned '0': CMAKE_PREFIX_PATH=${CMAKE_PREFIX_PATH}:/opt/ros/foxy /usr/bin/cmake /home/lucas/Desktop/lucas/Faculdade/7_Semestre/Wall-E-Nav/urdf_ws/src/urdfbot_description -DCMAKE_INSTALL_PREFIX=/home/lucas/Desktop/lucas/Faculdade/7_Semestre/Wall-E-Nav/urdf_ws/install/urdfbot_description
[11.393s] DEBUG:colcon.colcon_core.event_handler.log_command:Invoking command in '/home/lucas/Desktop/lucas/Faculdade/7_Semestre/Wall-E-Nav/urdf_ws/build/urdfbot_description': CMAKE_PREFIX_PATH=${CMAKE_PREFIX_PATH}:/opt/ros/foxy /usr/bin/cmake --build /home/lucas/Desktop/lucas/Faculdade/7_Semestre/Wall-E-Nav/urdf_ws/build/urdfbot_description -- -j6 -l6
[11.463s] DEBUG:colcon.colcon_core.event_handler.log_command:Invoked command in '/home/lucas/Desktop/lucas/Faculdade/7_Semestre/Wall-E-Nav/urdf_ws/build/urdfbot_description' returned '0': CMAKE_PREFIX_PATH=${CMAKE_PREFIX_PATH}:/opt/ros/foxy /usr/bin/cmake --build /home/lucas/Desktop/lucas/Faculdade/7_Semestre/Wall-E-Nav/urdf_ws/build/urdfbot_description -- -j6 -l6
[11.539s] DEBUG:colcon.colcon_core.event_handler.log_command:Invoking command in '/home/lucas/Desktop/lucas/Faculdade/7_Semestre/Wall-E-Nav/urdf_ws/build/urdfbot_description': CMAKE_PREFIX_PATH=${CMAKE_PREFIX_PATH}:/opt/ros/foxy /usr/bin/cmake --install /home/lucas/Desktop/lucas/Faculdade/7_Semestre/Wall-E-Nav/urdf_ws/build/urdfbot_description
[11.561s] Level 1:colcon.colcon_core.environment:create_environment_scripts_only(urdfbot_description)
[11.562s] DEBUG:colcon.colcon_core.event_handler.log_command:Invoked command in '/home/lucas/Desktop/lucas/Faculdade/7_Semestre/Wall-E-Nav/urdf_ws/build/urdfbot_description' returned '0': CMAKE_PREFIX_PATH=${CMAKE_PREFIX_PATH}:/opt/ros/foxy /usr/bin/cmake --install /home/lucas/Desktop/lucas/Faculdade/7_Semestre/Wall-E-Nav/urdf_ws/build/urdfbot_description
[11.710s] Level 1:colcon.colcon_core.environment:checking '/home/lucas/Desktop/lucas/Faculdade/7_Semestre/Wall-E-Nav/urdf_ws/install/urdfbot_description' for CMake module files
[11.711s] Level 1:colcon.colcon_core.environment:checking '/home/lucas/Desktop/lucas/Faculdade/7_Semestre/Wall-E-Nav/urdf_ws/install/urdfbot_description' for CMake config files
[11.712s] Level 1:colcon.colcon_core.shell:create_environment_hook('urdfbot_description', 'cmake_prefix_path')
[11.854s] INFO:colcon.colcon_core.shell:Creating environment hook '/home/lucas/Desktop/lucas/Faculdade/7_Semestre/Wall-E-Nav/urdf_ws/install/urdfbot_description/share/urdfbot_description/hook/cmake_prefix_path.ps1'
[11.855s] INFO:colcon.colcon_core.shell:Creating environment descriptor '/home/lucas/Desktop/lucas/Faculdade/7_Semestre/Wall-E-Nav/urdf_ws/install/urdfbot_description/share/urdfbot_description/hook/cmake_prefix_path.dsv'
[11.855s] INFO:colcon.colcon_core.shell:Creating environment hook '/home/lucas/Desktop/lucas/Faculdade/7_Semestre/Wall-E-Nav/urdf_ws/install/urdfbot_description/share/urdfbot_description/hook/cmake_prefix_path.sh'
[11.856s] Level 1:colcon.colcon_core.environment:checking '/home/lucas/Desktop/lucas/Faculdade/7_Semestre/Wall-E-Nav/urdf_ws/install/urdfbot_description/bin'
[11.856s] Level 1:colcon.colcon_core.environment:checking '/home/lucas/Desktop/lucas/Faculdade/7_Semestre/Wall-E-Nav/urdf_ws/install/urdfbot_description/lib/pkgconfig/urdfbot_description.pc'
[11.857s] Level 1:colcon.colcon_core.environment:checking '/home/lucas/Desktop/lucas/Faculdade/7_Semestre/Wall-E-Nav/urdf_ws/install/urdfbot_description/lib/python3.8/site-packages'
[11.857s] Level 1:colcon.colcon_core.environment:checking '/home/lucas/Desktop/lucas/Faculdade/7_Semestre/Wall-E-Nav/urdf_ws/install/urdfbot_description/bin'
[11.999s] INFO:colcon.colcon_core.shell:Creating package script '/home/lucas/Desktop/lucas/Faculdade/7_Semestre/Wall-E-Nav/urdf_ws/install/urdfbot_description/share/urdfbot_description/package.ps1'
[12.000s] INFO:colcon.colcon_core.shell:Creating package descriptor '/home/lucas/Desktop/lucas/Faculdade/7_Semestre/Wall-E-Nav/urdf_ws/install/urdfbot_description/share/urdfbot_description/package.dsv'
[12.001s] INFO:colcon.colcon_core.shell:Creating package script '/home/lucas/Desktop/lucas/Faculdade/7_Semestre/Wall-E-Nav/urdf_ws/install/urdfbot_description/share/urdfbot_description/package.sh'
[12.001s] INFO:colcon.colcon_core.shell:Creating package script '/home/lucas/Desktop/lucas/Faculdade/7_Semestre/Wall-E-Nav/urdf_ws/install/urdfbot_description/share/urdfbot_description/package.bash'
[12.002s] INFO:colcon.colcon_core.shell:Creating package script '/home/lucas/Desktop/lucas/Faculdade/7_Semestre/Wall-E-Nav/urdf_ws/install/urdfbot_description/share/urdfbot_description/package.zsh'
[12.003s] Level 1:colcon.colcon_core.environment:create_file_with_runtime_dependencies(/home/lucas/Desktop/lucas/Faculdade/7_Semestre/Wall-E-Nav/urdf_ws/install/urdfbot_description/share/colcon-core/packages/urdfbot_description)
[12.202s] Level 1:colcon.colcon_core.environment:create_environment_scripts_only(urdfbot_description)
[12.342s] Level 1:colcon.colcon_core.environment:checking '/home/lucas/Desktop/lucas/Faculdade/7_Semestre/Wall-E-Nav/urdf_ws/install/urdfbot_description' for CMake module files
[12.343s] Level 1:colcon.colcon_core.environment:checking '/home/lucas/Desktop/lucas/Faculdade/7_Semestre/Wall-E-Nav/urdf_ws/install/urdfbot_description' for CMake config files
[12.344s] Level 1:colcon.colcon_core.shell:create_environment_hook('urdfbot_description', 'cmake_prefix_path')
[12.484s] INFO:colcon.colcon_core.shell:Creating environment hook '/home/lucas/Desktop/lucas/Faculdade/7_Semestre/Wall-E-Nav/urdf_ws/install/urdfbot_description/share/urdfbot_description/hook/cmake_prefix_path.ps1'
[12.485s] INFO:colcon.colcon_core.shell:Creating environment descriptor '/home/lucas/Desktop/lucas/Faculdade/7_Semestre/Wall-E-Nav/urdf_ws/install/urdfbot_description/share/urdfbot_description/hook/cmake_prefix_path.dsv'
[12.485s] INFO:colcon.colcon_core.shell:Creating environment hook '/home/lucas/Desktop/lucas/Faculdade/7_Semestre/Wall-E-Nav/urdf_ws/install/urdfbot_description/share/urdfbot_description/hook/cmake_prefix_path.sh'
[12.486s] Level 1:colcon.colcon_core.environment:checking '/home/lucas/Desktop/lucas/Faculdade/7_Semestre/Wall-E-Nav/urdf_ws/install/urdfbot_description/bin'
[12.486s] Level 1:colcon.colcon_core.environment:checking '/home/lucas/Desktop/lucas/Faculdade/7_Semestre/Wall-E-Nav/urdf_ws/install/urdfbot_description/lib/pkgconfig/urdfbot_description.pc'
[12.486s] Level 1:colcon.colcon_core.environment:checking '/home/lucas/Desktop/lucas/Faculdade/7_Semestre/Wall-E-Nav/urdf_ws/install/urdfbot_description/lib/python3.8/site-packages'
[12.487s] Level 1:colcon.colcon_core.environment:checking '/home/lucas/Desktop/lucas/Faculdade/7_Semestre/Wall-E-Nav/urdf_ws/install/urdfbot_description/bin'
[12.628s] INFO:colcon.colcon_core.shell:Creating package script '/home/lucas/Desktop/lucas/Faculdade/7_Semestre/Wall-E-Nav/urdf_ws/install/urdfbot_description/share/urdfbot_description/package.ps1'
[12.629s] INFO:colcon.colcon_core.shell:Creating package descriptor '/home/lucas/Desktop/lucas/Faculdade/7_Semestre/Wall-E-Nav/urdf_ws/install/urdfbot_description/share/urdfbot_description/package.dsv'
[12.630s] INFO:colcon.colcon_core.shell:Creating package script '/home/lucas/Desktop/lucas/Faculdade/7_Semestre/Wall-E-Nav/urdf_ws/install/urdfbot_description/share/urdfbot_description/package.sh'
[12.630s] INFO:colcon.colcon_core.shell:Creating package script '/home/lucas/Desktop/lucas/Faculdade/7_Semestre/Wall-E-Nav/urdf_ws/install/urdfbot_description/share/urdfbot_description/package.bash'
[12.631s] INFO:colcon.colcon_core.shell:Creating package script '/home/lucas/Desktop/lucas/Faculdade/7_Semestre/Wall-E-Nav/urdf_ws/install/urdfbot_description/share/urdfbot_description/package.zsh'
[12.631s] Level 1:colcon.colcon_core.environment:create_file_with_runtime_dependencies(/home/lucas/Desktop/lucas/Faculdade/7_Semestre/Wall-E-Nav/urdf_ws/install/urdfbot_description/share/colcon-core/packages/urdfbot_description)
[12.631s] DEBUG:colcon.colcon_parallel_executor.executor.parallel:closing loop
[12.632s] DEBUG:colcon.colcon_parallel_executor.executor.parallel:loop closed
[12.632s] DEBUG:colcon.colcon_parallel_executor.executor.parallel:run_until_complete finished with '0'
[12.632s] DEBUG:colcon.colcon_core.event_reactor:joining thread
[12.788s] INFO:colcon.colcon_core.plugin_system:Skipping extension 'colcon_notification.desktop_notification.terminal_notifier': Not used on non-Darwin systems
[12.788s] INFO:colcon.colcon_core.plugin_system:Skipping extension 'colcon_notification.desktop_notification.win32': Not used on non-Windows systems
[12.788s] INFO:colcon.colcon_notification.desktop_notification:Sending desktop notification using 'notify2'
[12.815s] DEBUG:colcon.colcon_core.event_reactor:joined thread
[12.965s] INFO:colcon.colcon_core.shell:Creating prefix script '/home/lucas/Desktop/lucas/Faculdade/7_Semestre/Wall-E-Nav/urdf_ws/install/local_setup.ps1'
[12.966s] INFO:colcon.colcon_core.shell:Creating prefix util module '/home/lucas/Desktop/lucas/Faculdade/7_Semestre/Wall-E-Nav/urdf_ws/install/_local_setup_util_ps1.py'
[12.968s] INFO:colcon.colcon_core.shell:Creating prefix chain script '/home/lucas/Desktop/lucas/Faculdade/7_Semestre/Wall-E-Nav/urdf_ws/install/setup.ps1'
[13.108s] INFO:colcon.colcon_core.shell:Creating prefix script '/home/lucas/Desktop/lucas/Faculdade/7_Semestre/Wall-E-Nav/urdf_ws/install/local_setup.sh'
[13.109s] INFO:colcon.colcon_core.shell:Creating prefix util module '/home/lucas/Desktop/lucas/Faculdade/7_Semestre/Wall-E-Nav/urdf_ws/install/_local_setup_util_sh.py'
[13.109s] INFO:colcon.colcon_core.shell:Creating prefix chain script '/home/lucas/Desktop/lucas/Faculdade/7_Semestre/Wall-E-Nav/urdf_ws/install/setup.sh'
[13.247s] INFO:colcon.colcon_core.shell:Creating prefix script '/home/lucas/Desktop/lucas/Faculdade/7_Semestre/Wall-E-Nav/urdf_ws/install/local_setup.bash'
[13.247s] INFO:colcon.colcon_core.shell:Creating prefix chain script '/home/lucas/Desktop/lucas/Faculdade/7_Semestre/Wall-E-Nav/urdf_ws/install/setup.bash'
[13.386s] INFO:colcon.colcon_core.shell:Creating prefix script '/home/lucas/Desktop/lucas/Faculdade/7_Semestre/Wall-E-Nav/urdf_ws/install/local_setup.zsh'
[13.387s] INFO:colcon.colcon_core.shell:Creating prefix chain script '/home/lucas/Desktop/lucas/Faculdade/7_Semestre/Wall-E-Nav/urdf_ws/install/setup.zsh'
