[7.886s] DEBUG:colcon:Command line arguments: ['/usr/bin/colcon', 'build', '--symlink-install']
[7.886s] DEBUG:colcon:Parsed command line arguments: Namespace(allow_overriding=[], ament_cmake_args=None, base_paths=['.'], build_base='build', catkin_cmake_args=None, catkin_skip_building_tests=False, cmake_args=None, cmake_clean_cache=False, cmake_clean_first=False, cmake_force_configure=False, cmake_target=None, cmake_target_skip_unavailable=False, continue_on_error=False, event_handlers=None, executor='parallel', ignore_user_meta=False, install_base='install', log_base=None, log_level=None, main=<bound method BuildVerb.main of <colcon_core.verb.build.BuildVerb object at 0x7f0b01e80fd0>>, merge_install=False, metas=['./colcon.meta'], packages_above=None, packages_above_and_dependencies=None, packages_above_depth=None, packages_end=None, packages_ignore=None, packages_ignore_regex=None, packages_select=None, packages_select_build_failed=False, packages_select_by_dep=None, packages_select_regex=None, packages_select_test_failures=False, packages_skip=None, packages_skip_build_finished=False, packages_skip_by_dep=None, packages_skip_regex=None, packages_skip_test_passed=False, packages_skip_up_to=None, packages_start=None, packages_up_to=None, packages_up_to_regex=None, parallel_workers=6, paths=None, symlink_install=True, test_result_base=None, verb_extension=<colcon_core.verb.build.BuildVerb object at 0x7f0b01e80fd0>, verb_name='build', verb_parser=<colcon_defaults.argument_parser.defaults.DefaultArgumentsDecorator object at 0x7f0b01b0e4c0>)
[8.205s] Level 1:colcon.colcon_core.package_discovery:discover_packages(colcon_meta) check parameters
[8.205s] Level 1:colcon.colcon_core.package_discovery:discover_packages(recursive) check parameters
[8.205s] Level 1:colcon.colcon_core.package_discovery:discover_packages(ignore) check parameters
[8.205s] Level 1:colcon.colcon_core.package_discovery:discover_packages(path) check parameters
[8.205s] Level 1:colcon.colcon_core.package_discovery:discover_packages(colcon_meta) discover
[8.205s] Level 1:colcon.colcon_core.package_discovery:discover_packages(recursive) discover
[8.205s] INFO:colcon.colcon_core.package_discovery:Crawling recursively for packages in '/home/lucas/Desktop/lucas/Faculdade/7_Semestre/Wall-E-Nav/urdf_ws'
[8.205s] Level 1:colcon.colcon_core.package_identification:_identify(.) by extensions ['ignore', 'ignore_ament_install']
[8.205s] Level 1:colcon.colcon_core.package_identification:_identify(.) by extension 'ignore'
[8.205s] Level 1:colcon.colcon_core.package_identification:_identify(.) by extension 'ignore_ament_install'
[8.206s] Level 1:colcon.colcon_core.package_identification:_identify(.) by extensions ['colcon_pkg']
[8.206s] Level 1:colcon.colcon_core.package_identification:_identify(.) by extension 'colcon_pkg'
[8.206s] Level 1:colcon.colcon_core.package_identification:_identify(.) by extensions ['colcon_meta']
[8.206s] Level 1:colcon.colcon_core.package_identification:_identify(.) by extension 'colcon_meta'
[8.206s] Level 1:colcon.colcon_core.package_identification:_identify(.) by extensions ['ros']
[8.206s] Level 1:colcon.colcon_core.package_identification:_identify(.) by extension 'ros'
[8.238s] Level 1:colcon.colcon_core.package_identification:_identify(.) by extensions ['cmake', 'python']
[8.238s] Level 1:colcon.colcon_core.package_identification:_identify(.) by extension 'cmake'
[8.238s] Level 1:colcon.colcon_core.package_identification:_identify(.) by extension 'python'
[8.238s] Level 1:colcon.colcon_core.package_identification:_identify(.) by extensions ['python_setup_py']
[8.238s] Level 1:colcon.colcon_core.package_identification:_identify(.) by extension 'python_setup_py'
[8.238s] Level 1:colcon.colcon_core.package_identification:_identify(build) by extensions ['ignore', 'ignore_ament_install']
[8.238s] Level 1:colcon.colcon_core.package_identification:_identify(build) by extension 'ignore'
[8.238s] Level 1:colcon.colcon_core.package_identification:_identify(build) ignored
[8.239s] Level 1:colcon.colcon_core.package_identification:_identify(install) by extensions ['ignore', 'ignore_ament_install']
[8.239s] Level 1:colcon.colcon_core.package_identification:_identify(install) by extension 'ignore'
[8.239s] Level 1:colcon.colcon_core.package_identification:_identify(install) ignored
[8.239s] Level 1:colcon.colcon_core.package_identification:_identify(log) by extensions ['ignore', 'ignore_ament_install']
[8.239s] Level 1:colcon.colcon_core.package_identification:_identify(log) by extension 'ignore'
[8.239s] Level 1:colcon.colcon_core.package_identification:_identify(log) ignored
[8.239s] Level 1:colcon.colcon_core.package_identification:_identify(src) by extensions ['ignore', 'ignore_ament_install']
[8.239s] Level 1:colcon.colcon_core.package_identification:_identify(src) by extension 'ignore'
[8.239s] Level 1:colcon.colcon_core.package_identification:_identify(src) by extension 'ignore_ament_install'
[8.239s] Level 1:colcon.colcon_core.package_identification:_identify(src) by extensions ['colcon_pkg']
[8.240s] Level 1:colcon.colcon_core.package_identification:_identify(src) by extension 'colcon_pkg'
[8.240s] Level 1:colcon.colcon_core.package_identification:_identify(src) by extensions ['colcon_meta']
[8.240s] Level 1:colcon.colcon_core.package_identification:_identify(src) by extension 'colcon_meta'
[8.240s] Level 1:colcon.colcon_core.package_identification:_identify(src) by extensions ['ros']
[8.240s] Level 1:colcon.colcon_core.package_identification:_identify(src) by extension 'ros'
[8.240s] Level 1:colcon.colcon_core.package_identification:_identify(src) by extensions ['cmake', 'python']
[8.240s] Level 1:colcon.colcon_core.package_identification:_identify(src) by extension 'cmake'
[8.240s] Level 1:colcon.colcon_core.package_identification:_identify(src) by extension 'python'
[8.240s] Level 1:colcon.colcon_core.package_identification:_identify(src) by extensions ['python_setup_py']
[8.240s] Level 1:colcon.colcon_core.package_identification:_identify(src) by extension 'python_setup_py'
[8.240s] Level 1:colcon.colcon_core.package_identification:_identify(src/urdfbot_description) by extensions ['ignore', 'ignore_ament_install']
[8.240s] Level 1:colcon.colcon_core.package_identification:_identify(src/urdfbot_description) by extension 'ignore'
[8.240s] Level 1:colcon.colcon_core.package_identification:_identify(src/urdfbot_description) by extension 'ignore_ament_install'
[8.240s] Level 1:colcon.colcon_core.package_identification:_identify(src/urdfbot_description) by extensions ['colcon_pkg']
[8.241s] Level 1:colcon.colcon_core.package_identification:_identify(src/urdfbot_description) by extension 'colcon_pkg'
[8.241s] Level 1:colcon.colcon_core.package_identification:_identify(src/urdfbot_description) by extensions ['colcon_meta']
[8.241s] Level 1:colcon.colcon_core.package_identification:_identify(src/urdfbot_description) by extension 'colcon_meta'
[8.241s] Level 1:colcon.colcon_core.package_identification:_identify(src/urdfbot_description) by extensions ['ros']
[8.241s] Level 1:colcon.colcon_core.package_identification:_identify(src/urdfbot_description) by extension 'ros'
[8.244s] DEBUG:colcon.colcon_core.package_identification:Package 'src/urdfbot_description' with type 'ros.ament_cmake' and name 'urdfbot_description'
[8.244s] Level 1:colcon.colcon_core.package_discovery:discover_packages(recursive) using defaults
[8.244s] Level 1:colcon.colcon_core.package_discovery:discover_packages(ignore) discover
[8.244s] Level 1:colcon.colcon_core.package_discovery:discover_packages(ignore) using defaults
[8.244s] Level 1:colcon.colcon_core.package_discovery:discover_packages(path) discover
[8.244s] Level 1:colcon.colcon_core.package_discovery:discover_packages(path) using defaults
[8.981s] Level 1:colcon.colcon_core.package_discovery:discover_packages(prefix_path) check parameters
[8.982s] Level 1:colcon.colcon_core.package_discovery:discover_packages(prefix_path) discover
[9.123s] WARNING:colcon.colcon_core.prefix_path.colcon:The path '/home/lucas/Desktop/lucas/Faculdade/7 °/Wall-E-Nav/urdf_ws/install' in the environment variable COLCON_PREFIX_PATH doesn't exist
[9.123s] WARNING:colcon.colcon_core.prefix_path.colcon:The path '/home/lucas/Desktop/lucas/Faculdade/7 °/fagner_urdf/install' in the environment variable COLCON_PREFIX_PATH doesn't exist
[9.123s] WARNING:colcon.colcon_core.prefix_path.colcon:The path '/home/lucas/Desktop/lucas/Faculdade/7 °/urdf/install' in the environment variable COLCON_PREFIX_PATH doesn't exist
[9.123s] WARNING:colcon.colcon_ros.prefix_path.ament:The path '/home/lucas/Desktop/lucas/Faculdade/7 °/Wall-E-Nav/urdf_ws/install/urdfbot_description' in the environment variable AMENT_PREFIX_PATH doesn't exist
[9.123s] WARNING:colcon.colcon_ros.prefix_path.ament:The path '/home/lucas/Desktop/lucas/Faculdade/7 °/fagner_urdf/install/myfirstrobot_description' in the environment variable AMENT_PREFIX_PATH doesn't exist
[9.123s] WARNING:colcon.colcon_ros.prefix_path.ament:The path '/home/lucas/Desktop/lucas/Faculdade/7 °/urdf/install/urdf_tutorial' in the environment variable AMENT_PREFIX_PATH doesn't exist
[9.123s] WARNING:colcon.colcon_ros.prefix_path.catkin:The path '/home/lucas/Desktop/lucas/Faculdade/7 °/Wall-E-Nav/urdf_ws/install/urdfbot_description' in the environment variable CMAKE_PREFIX_PATH doesn't exist
[9.124s] WARNING:colcon.colcon_ros.prefix_path.catkin:The path '/home/lucas/Desktop/lucas/Faculdade/7 °/fagner_urdf/install/myfirstrobot_description' in the environment variable CMAKE_PREFIX_PATH doesn't exist
[9.124s] WARNING:colcon.colcon_ros.prefix_path.catkin:The path '/home/lucas/Desktop/lucas/Faculdade/7 °/urdf/install/urdf_tutorial' in the environment variable CMAKE_PREFIX_PATH doesn't exist
[9.266s] DEBUG:colcon.colcon_installed_package_information.package_discovery:Found 1 installed packages in /home/lucas/Desktop/lucas/Faculdade/7_Semestre/Wall-E-Nav/urdf_ws/install
[9.409s] DEBUG:colcon.colcon_installed_package_information.package_discovery:Found 260 installed packages in /opt/ros/foxy
[9.412s] Level 1:colcon.colcon_core.package_discovery:discover_packages(prefix_path) using defaults
[9.826s] Level 5:colcon.colcon_core.verb:set package 'urdfbot_description' build argument 'cmake_args' from command line to 'None'
[9.826s] Level 5:colcon.colcon_core.verb:set package 'urdfbot_description' build argument 'cmake_target' from command line to 'None'
[9.826s] Level 5:colcon.colcon_core.verb:set package 'urdfbot_description' build argument 'cmake_target_skip_unavailable' from command line to 'False'
[9.826s] Level 5:colcon.colcon_core.verb:set package 'urdfbot_description' build argument 'cmake_clean_cache' from command line to 'False'
[9.826s] Level 5:colcon.colcon_core.verb:set package 'urdfbot_description' build argument 'cmake_clean_first' from command line to 'False'
[9.827s] Level 5:colcon.colcon_core.verb:set package 'urdfbot_description' build argument 'cmake_force_configure' from command line to 'False'
[9.827s] Level 5:colcon.colcon_core.verb:set package 'urdfbot_description' build argument 'ament_cmake_args' from command line to 'None'
[9.827s] Level 5:colcon.colcon_core.verb:set package 'urdfbot_description' build argument 'catkin_cmake_args' from command line to 'None'
[9.827s] Level 5:colcon.colcon_core.verb:set package 'urdfbot_description' build argument 'catkin_skip_building_tests' from command line to 'False'
[9.827s] DEBUG:colcon.colcon_core.verb:Building package 'urdfbot_description' with the following arguments: {'ament_cmake_args': None, 'build_base': '/home/lucas/Desktop/lucas/Faculdade/7_Semestre/Wall-E-Nav/urdf_ws/build/urdfbot_description', 'catkin_cmake_args': None, 'catkin_skip_building_tests': False, 'cmake_args': None, 'cmake_clean_cache': False, 'cmake_clean_first': False, 'cmake_force_configure': False, 'cmake_target': None, 'cmake_target_skip_unavailable': False, 'install_base': '/home/lucas/Desktop/lucas/Faculdade/7_Semestre/Wall-E-Nav/urdf_ws/install/urdfbot_description', 'merge_install': False, 'path': '/home/lucas/Desktop/lucas/Faculdade/7_Semestre/Wall-E-Nav/urdf_ws/src/urdfbot_description', 'symlink_install': True, 'test_result_base': None}
[9.970s] INFO:colcon.colcon_core.executor:Executing jobs using 'parallel' executor
[10.114s] DEBUG:colcon.colcon_parallel_executor.executor.parallel:run_until_complete
[10.115s] INFO:colcon.colcon_ros.task.ament_cmake.build:Building ROS package in '/home/lucas/Desktop/lucas/Faculdade/7_Semestre/Wall-E-Nav/urdf_ws/src/urdfbot_description' with build type 'ament_cmake'
[10.115s] INFO:colcon.colcon_cmake.task.cmake.build:Building CMake package in '/home/lucas/Desktop/lucas/Faculdade/7_Semestre/Wall-E-Nav/urdf_ws/src/urdfbot_description'
[10.265s] INFO:colcon.colcon_core.plugin_system:Skipping extension 'colcon_core.shell.bat': Not used on non-Windows systems
[10.266s] INFO:colcon.colcon_core.shell:Skip shell extension 'powershell' for command environment: Not usable outside of PowerShell
[10.266s] DEBUG:colcon.colcon_core.shell:Skip shell extension 'dsv' for command environment
[10.719s] DEBUG:colcon.colcon_core.event_handler.log_command:Invoking command in '/home/lucas/Desktop/lucas/Faculdade/7_Semestre/Wall-E-Nav/urdf_ws/build/urdfbot_description': CMAKE_PREFIX_PATH=${CMAKE_PREFIX_PATH}:/opt/ros/foxy /usr/bin/cmake --build /home/lucas/Desktop/lucas/Faculdade/7_Semestre/Wall-E-Nav/urdf_ws/build/urdfbot_description -- -j6 -l6
[10.789s] DEBUG:colcon.colcon_core.event_handler.log_command:Invoked command in '/home/lucas/Desktop/lucas/Faculdade/7_Semestre/Wall-E-Nav/urdf_ws/build/urdfbot_description' returned '0': CMAKE_PREFIX_PATH=${CMAKE_PREFIX_PATH}:/opt/ros/foxy /usr/bin/cmake --build /home/lucas/Desktop/lucas/Faculdade/7_Semestre/Wall-E-Nav/urdf_ws/build/urdfbot_description -- -j6 -l6
[10.867s] DEBUG:colcon.colcon_core.event_handler.log_command:Invoking command in '/home/lucas/Desktop/lucas/Faculdade/7_Semestre/Wall-E-Nav/urdf_ws/build/urdfbot_description': CMAKE_PREFIX_PATH=${CMAKE_PREFIX_PATH}:/opt/ros/foxy /usr/bin/cmake --install /home/lucas/Desktop/lucas/Faculdade/7_Semestre/Wall-E-Nav/urdf_ws/build/urdfbot_description
[10.913s] Level 1:colcon.colcon_core.environment:create_environment_scripts_only(urdfbot_description)
[10.914s] DEBUG:colcon.colcon_core.event_handler.log_command:Invoked command in '/home/lucas/Desktop/lucas/Faculdade/7_Semestre/Wall-E-Nav/urdf_ws/build/urdfbot_description' returned '0': CMAKE_PREFIX_PATH=${CMAKE_PREFIX_PATH}:/opt/ros/foxy /usr/bin/cmake --install /home/lucas/Desktop/lucas/Faculdade/7_Semestre/Wall-E-Nav/urdf_ws/build/urdfbot_description
[11.071s] Level 1:colcon.colcon_core.environment:checking '/home/lucas/Desktop/lucas/Faculdade/7_Semestre/Wall-E-Nav/urdf_ws/install/urdfbot_description' for CMake module files
[11.072s] Level 1:colcon.colcon_core.environment:checking '/home/lucas/Desktop/lucas/Faculdade/7_Semestre/Wall-E-Nav/urdf_ws/install/urdfbot_description' for CMake config files
[11.072s] Level 1:colcon.colcon_core.shell:create_environment_hook('urdfbot_description', 'cmake_prefix_path')
[11.219s] INFO:colcon.colcon_core.shell:Creating environment hook '/home/lucas/Desktop/lucas/Faculdade/7_Semestre/Wall-E-Nav/urdf_ws/install/urdfbot_description/share/urdfbot_description/hook/cmake_prefix_path.ps1'
[11.220s] INFO:colcon.colcon_core.shell:Creating environment descriptor '/home/lucas/Desktop/lucas/Faculdade/7_Semestre/Wall-E-Nav/urdf_ws/install/urdfbot_description/share/urdfbot_description/hook/cmake_prefix_path.dsv'
[11.221s] INFO:colcon.colcon_core.shell:Creating environment hook '/home/lucas/Desktop/lucas/Faculdade/7_Semestre/Wall-E-Nav/urdf_ws/install/urdfbot_description/share/urdfbot_description/hook/cmake_prefix_path.sh'
[11.222s] Level 1:colcon.colcon_core.environment:checking '/home/lucas/Desktop/lucas/Faculdade/7_Semestre/Wall-E-Nav/urdf_ws/install/urdfbot_description/bin'
[11.222s] Level 1:colcon.colcon_core.environment:checking '/home/lucas/Desktop/lucas/Faculdade/7_Semestre/Wall-E-Nav/urdf_ws/install/urdfbot_description/lib/pkgconfig/urdfbot_description.pc'
[11.222s] Level 1:colcon.colcon_core.environment:checking '/home/lucas/Desktop/lucas/Faculdade/7_Semestre/Wall-E-Nav/urdf_ws/install/urdfbot_description/lib/python3.8/site-packages'
[11.223s] Level 1:colcon.colcon_core.environment:checking '/home/lucas/Desktop/lucas/Faculdade/7_Semestre/Wall-E-Nav/urdf_ws/install/urdfbot_description/bin'
[11.375s] INFO:colcon.colcon_core.shell:Creating package script '/home/lucas/Desktop/lucas/Faculdade/7_Semestre/Wall-E-Nav/urdf_ws/install/urdfbot_description/share/urdfbot_description/package.ps1'
[11.376s] INFO:colcon.colcon_core.shell:Creating package descriptor '/home/lucas/Desktop/lucas/Faculdade/7_Semestre/Wall-E-Nav/urdf_ws/install/urdfbot_description/share/urdfbot_description/package.dsv'
[11.377s] INFO:colcon.colcon_core.shell:Creating package script '/home/lucas/Desktop/lucas/Faculdade/7_Semestre/Wall-E-Nav/urdf_ws/install/urdfbot_description/share/urdfbot_description/package.sh'
[11.378s] INFO:colcon.colcon_core.shell:Creating package script '/home/lucas/Desktop/lucas/Faculdade/7_Semestre/Wall-E-Nav/urdf_ws/install/urdfbot_description/share/urdfbot_description/package.bash'
[11.379s] INFO:colcon.colcon_core.shell:Creating package script '/home/lucas/Desktop/lucas/Faculdade/7_Semestre/Wall-E-Nav/urdf_ws/install/urdfbot_description/share/urdfbot_description/package.zsh'
[11.380s] Level 1:colcon.colcon_core.environment:create_file_with_runtime_dependencies(/home/lucas/Desktop/lucas/Faculdade/7_Semestre/Wall-E-Nav/urdf_ws/install/urdfbot_description/share/colcon-core/packages/urdfbot_description)
[11.574s] Level 1:colcon.colcon_core.environment:create_environment_scripts_only(urdfbot_description)
[11.726s] Level 1:colcon.colcon_core.environment:checking '/home/lucas/Desktop/lucas/Faculdade/7_Semestre/Wall-E-Nav/urdf_ws/install/urdfbot_description' for CMake module files
[11.727s] Level 1:colcon.colcon_core.environment:checking '/home/lucas/Desktop/lucas/Faculdade/7_Semestre/Wall-E-Nav/urdf_ws/install/urdfbot_description' for CMake config files
[11.727s] Level 1:colcon.colcon_core.shell:create_environment_hook('urdfbot_description', 'cmake_prefix_path')
[11.877s] INFO:colcon.colcon_core.shell:Creating environment hook '/home/lucas/Desktop/lucas/Faculdade/7_Semestre/Wall-E-Nav/urdf_ws/install/urdfbot_description/share/urdfbot_description/hook/cmake_prefix_path.ps1'
[11.878s] INFO:colcon.colcon_core.shell:Creating environment descriptor '/home/lucas/Desktop/lucas/Faculdade/7_Semestre/Wall-E-Nav/urdf_ws/install/urdfbot_description/share/urdfbot_description/hook/cmake_prefix_path.dsv'
[11.879s] INFO:colcon.colcon_core.shell:Creating environment hook '/home/lucas/Desktop/lucas/Faculdade/7_Semestre/Wall-E-Nav/urdf_ws/install/urdfbot_description/share/urdfbot_description/hook/cmake_prefix_path.sh'
[11.879s] Level 1:colcon.colcon_core.environment:checking '/home/lucas/Desktop/lucas/Faculdade/7_Semestre/Wall-E-Nav/urdf_ws/install/urdfbot_description/bin'
[11.879s] Level 1:colcon.colcon_core.environment:checking '/home/lucas/Desktop/lucas/Faculdade/7_Semestre/Wall-E-Nav/urdf_ws/install/urdfbot_description/lib/pkgconfig/urdfbot_description.pc'
[11.880s] Level 1:colcon.colcon_core.environment:checking '/home/lucas/Desktop/lucas/Faculdade/7_Semestre/Wall-E-Nav/urdf_ws/install/urdfbot_description/lib/python3.8/site-packages'
[11.880s] Level 1:colcon.colcon_core.environment:checking '/home/lucas/Desktop/lucas/Faculdade/7_Semestre/Wall-E-Nav/urdf_ws/install/urdfbot_description/bin'
[12.027s] INFO:colcon.colcon_core.shell:Creating package script '/home/lucas/Desktop/lucas/Faculdade/7_Semestre/Wall-E-Nav/urdf_ws/install/urdfbot_description/share/urdfbot_description/package.ps1'
[12.027s] INFO:colcon.colcon_core.shell:Creating package descriptor '/home/lucas/Desktop/lucas/Faculdade/7_Semestre/Wall-E-Nav/urdf_ws/install/urdfbot_description/share/urdfbot_description/package.dsv'
[12.028s] INFO:colcon.colcon_core.shell:Creating package script '/home/lucas/Desktop/lucas/Faculdade/7_Semestre/Wall-E-Nav/urdf_ws/install/urdfbot_description/share/urdfbot_description/package.sh'
[12.028s] INFO:colcon.colcon_core.shell:Creating package script '/home/lucas/Desktop/lucas/Faculdade/7_Semestre/Wall-E-Nav/urdf_ws/install/urdfbot_description/share/urdfbot_description/package.bash'
[12.029s] INFO:colcon.colcon_core.shell:Creating package script '/home/lucas/Desktop/lucas/Faculdade/7_Semestre/Wall-E-Nav/urdf_ws/install/urdfbot_description/share/urdfbot_description/package.zsh'
[12.029s] Level 1:colcon.colcon_core.environment:create_file_with_runtime_dependencies(/home/lucas/Desktop/lucas/Faculdade/7_Semestre/Wall-E-Nav/urdf_ws/install/urdfbot_description/share/colcon-core/packages/urdfbot_description)
[12.030s] DEBUG:colcon.colcon_parallel_executor.executor.parallel:closing loop
[12.030s] DEBUG:colcon.colcon_parallel_executor.executor.parallel:loop closed
[12.030s] DEBUG:colcon.colcon_parallel_executor.executor.parallel:run_until_complete finished with '0'
[12.030s] DEBUG:colcon.colcon_core.event_reactor:joining thread
[12.188s] INFO:colcon.colcon_core.plugin_system:Skipping extension 'colcon_notification.desktop_notification.terminal_notifier': Not used on non-Darwin systems
[12.188s] INFO:colcon.colcon_core.plugin_system:Skipping extension 'colcon_notification.desktop_notification.win32': Not used on non-Windows systems
[12.188s] INFO:colcon.colcon_notification.desktop_notification:Sending desktop notification using 'notify2'
[12.213s] DEBUG:colcon.colcon_core.event_reactor:joined thread
[12.369s] INFO:colcon.colcon_core.shell:Creating prefix script '/home/lucas/Desktop/lucas/Faculdade/7_Semestre/Wall-E-Nav/urdf_ws/install/local_setup.ps1'
[12.370s] INFO:colcon.colcon_core.shell:Creating prefix util module '/home/lucas/Desktop/lucas/Faculdade/7_Semestre/Wall-E-Nav/urdf_ws/install/_local_setup_util_ps1.py'
[12.372s] INFO:colcon.colcon_core.shell:Creating prefix chain script '/home/lucas/Desktop/lucas/Faculdade/7_Semestre/Wall-E-Nav/urdf_ws/install/setup.ps1'
[12.518s] INFO:colcon.colcon_core.shell:Creating prefix script '/home/lucas/Desktop/lucas/Faculdade/7_Semestre/Wall-E-Nav/urdf_ws/install/local_setup.sh'
[12.519s] INFO:colcon.colcon_core.shell:Creating prefix util module '/home/lucas/Desktop/lucas/Faculdade/7_Semestre/Wall-E-Nav/urdf_ws/install/_local_setup_util_sh.py'
[12.519s] INFO:colcon.colcon_core.shell:Creating prefix chain script '/home/lucas/Desktop/lucas/Faculdade/7_Semestre/Wall-E-Nav/urdf_ws/install/setup.sh'
[12.665s] INFO:colcon.colcon_core.shell:Creating prefix script '/home/lucas/Desktop/lucas/Faculdade/7_Semestre/Wall-E-Nav/urdf_ws/install/local_setup.bash'
[12.665s] INFO:colcon.colcon_core.shell:Creating prefix chain script '/home/lucas/Desktop/lucas/Faculdade/7_Semestre/Wall-E-Nav/urdf_ws/install/setup.bash'
[12.816s] INFO:colcon.colcon_core.shell:Creating prefix script '/home/lucas/Desktop/lucas/Faculdade/7_Semestre/Wall-E-Nav/urdf_ws/install/local_setup.zsh'
[12.817s] INFO:colcon.colcon_core.shell:Creating prefix chain script '/home/lucas/Desktop/lucas/Faculdade/7_Semestre/Wall-E-Nav/urdf_ws/install/setup.zsh'
