[0.030s] Invoking command in '/home/llagoeiro/Desktop/TheConstruct/URDF_ROS2/Aula01/urdf_ws/build/urdfbot_description': CMAKE_PREFIX_PATH=${CMAKE_PREFIX_PATH}:/opt/ros/humble /usr/bin/cmake --build /home/llagoeiro/Desktop/TheConstruct/URDF_ROS2/Aula01/urdf_ws/build/urdfbot_description -- -j12 -l12
[0.050s] Invoked command in '/home/llagoeiro/Desktop/TheConstruct/URDF_ROS2/Aula01/urdf_ws/build/urdfbot_description' returned '0': CMAKE_PREFIX_PATH=${CMAKE_PREFIX_PATH}:/opt/ros/humble /usr/bin/cmake --build /home/llagoeiro/Desktop/TheConstruct/URDF_ROS2/Aula01/urdf_ws/build/urdfbot_description -- -j12 -l12
[0.067s] Invoking command in '/home/llagoeiro/Desktop/TheConstruct/URDF_ROS2/Aula01/urdf_ws/build/urdfbot_description': CMAKE_PREFIX_PATH=${CMAKE_PREFIX_PATH}:/opt/ros/humble /usr/bin/cmake --install /home/llagoeiro/Desktop/TheConstruct/URDF_ROS2/Aula01/urdf_ws/build/urdfbot_description
[0.071s] -- Install configuration: ""
[0.071s] -- Execute custom install script
[0.071s] -- Up-to-date symlink: /home/llagoeiro/Desktop/TheConstruct/URDF_ROS2/Aula01/urdf_ws/install/urdfbot_description/share/urdfbot_description//urdf/test.urdf
[0.071s] -- Up-to-date symlink: /home/llagoeiro/Desktop/TheConstruct/URDF_ROS2/Aula01/urdf_ws/install/urdfbot_description/share/urdfbot_description//urdf/urdfbot_simple.urdf
[0.072s] -- Up-to-date symlink: /home/llagoeiro/Desktop/TheConstruct/URDF_ROS2/Aula01/urdf_ws/install/urdfbot_description/share/urdfbot_description//rviz/robot.rviz
[0.072s] -- Up-to-date symlink: /home/llagoeiro/Desktop/TheConstruct/URDF_ROS2/Aula01/urdf_ws/install/urdfbot_description/share/urdfbot_description//launch/urdf_visualize.launch.py
[0.072s] -- Up-to-date symlink: /home/llagoeiro/Desktop/TheConstruct/URDF_ROS2/Aula01/urdf_ws/install/urdfbot_description/share/ament_index/resource_index/package_run_dependencies/urdfbot_description
[0.072s] -- Up-to-date symlink: /home/llagoeiro/Desktop/TheConstruct/URDF_ROS2/Aula01/urdf_ws/install/urdfbot_description/share/ament_index/resource_index/parent_prefix_path/urdfbot_description
[0.072s] -- Up-to-date symlink: /home/llagoeiro/Desktop/TheConstruct/URDF_ROS2/Aula01/urdf_ws/install/urdfbot_description/share/urdfbot_description/environment/ament_prefix_path.sh
[0.072s] -- Up-to-date symlink: /home/llagoeiro/Desktop/TheConstruct/URDF_ROS2/Aula01/urdf_ws/install/urdfbot_description/share/urdfbot_description/environment/ament_prefix_path.dsv
[0.072s] -- Up-to-date symlink: /home/llagoeiro/Desktop/TheConstruct/URDF_ROS2/Aula01/urdf_ws/install/urdfbot_description/share/urdfbot_description/environment/path.sh
[0.072s] -- Up-to-date symlink: /home/llagoeiro/Desktop/TheConstruct/URDF_ROS2/Aula01/urdf_ws/install/urdfbot_description/share/urdfbot_description/environment/path.dsv
[0.072s] -- Up-to-date symlink: /home/llagoeiro/Desktop/TheConstruct/URDF_ROS2/Aula01/urdf_ws/install/urdfbot_description/share/urdfbot_description/local_setup.bash
[0.072s] -- Up-to-date symlink: /home/llagoeiro/Desktop/TheConstruct/URDF_ROS2/Aula01/urdf_ws/install/urdfbot_description/share/urdfbot_description/local_setup.sh
[0.072s] -- Up-to-date symlink: /home/llagoeiro/Desktop/TheConstruct/URDF_ROS2/Aula01/urdf_ws/install/urdfbot_description/share/urdfbot_description/local_setup.zsh
[0.072s] -- Up-to-date symlink: /home/llagoeiro/Desktop/TheConstruct/URDF_ROS2/Aula01/urdf_ws/install/urdfbot_description/share/urdfbot_description/local_setup.dsv
[0.072s] -- Symlinking: /home/llagoeiro/Desktop/TheConstruct/URDF_ROS2/Aula01/urdf_ws/install/urdfbot_description/share/urdfbot_description/package.dsv
[0.078s] -- Up-to-date symlink: /home/llagoeiro/Desktop/TheConstruct/URDF_ROS2/Aula01/urdf_ws/install/urdfbot_description/share/ament_index/resource_index/packages/urdfbot_description
[0.078s] -- Up-to-date symlink: /home/llagoeiro/Desktop/TheConstruct/URDF_ROS2/Aula01/urdf_ws/install/urdfbot_description/share/urdfbot_description/cmake/urdfbot_descriptionConfig.cmake
[0.078s] -- Up-to-date symlink: /home/llagoeiro/Desktop/TheConstruct/URDF_ROS2/Aula01/urdf_ws/install/urdfbot_description/share/urdfbot_description/cmake/urdfbot_descriptionConfig-version.cmake
[0.078s] -- Up-to-date symlink: /home/llagoeiro/Desktop/TheConstruct/URDF_ROS2/Aula01/urdf_ws/install/urdfbot_description/share/urdfbot_description/package.xml
[0.080s] Invoked command in '/home/llagoeiro/Desktop/TheConstruct/URDF_ROS2/Aula01/urdf_ws/build/urdfbot_description' returned '0': CMAKE_PREFIX_PATH=${CMAKE_PREFIX_PATH}:/opt/ros/humble /usr/bin/cmake --install /home/llagoeiro/Desktop/TheConstruct/URDF_ROS2/Aula01/urdf_ws/build/urdfbot_description
