[0.633s] Invoking command in '/home/lucas/Desktop/lucas/Faculdade/7_Semestre/Wall-E-Nav/urdf_ws/build/urdfbot_description': CMAKE_PREFIX_PATH=${CMAKE_PREFIX_PATH}:/opt/ros/foxy /usr/bin/cmake --build /home/lucas/Desktop/lucas/Faculdade/7_Semestre/Wall-E-Nav/urdf_ws/build/urdfbot_description -- -j6 -l6
[0.705s] Invoked command in '/home/lucas/Desktop/lucas/Faculdade/7_Semestre/Wall-E-Nav/urdf_ws/build/urdfbot_description' returned '0': CMAKE_PREFIX_PATH=${CMAKE_PREFIX_PATH}:/opt/ros/foxy /usr/bin/cmake --build /home/lucas/Desktop/lucas/Faculdade/7_Semestre/Wall-E-Nav/urdf_ws/build/urdfbot_description -- -j6 -l6
[0.777s] Invoking command in '/home/lucas/Desktop/lucas/Faculdade/7_Semestre/Wall-E-Nav/urdf_ws/build/urdfbot_description': CMAKE_PREFIX_PATH=${CMAKE_PREFIX_PATH}:/opt/ros/foxy /usr/bin/cmake --install /home/lucas/Desktop/lucas/Faculdade/7_Semestre/Wall-E-Nav/urdf_ws/build/urdfbot_description
[0.792s] -- Install configuration: ""
[0.792s] -- Execute custom install script
[0.793s] -- Up-to-date symlink: /home/lucas/Desktop/lucas/Faculdade/7_Semestre/Wall-E-Nav/urdf_ws/install/urdfbot_description/share/urdfbot_description//urdf/test.urdf
[0.793s] -- Up-to-date symlink: /home/lucas/Desktop/lucas/Faculdade/7_Semestre/Wall-E-Nav/urdf_ws/install/urdfbot_description/share/urdfbot_description//urdf/urdfbot_simple.urdf
[0.794s] -- Up-to-date symlink: /home/lucas/Desktop/lucas/Faculdade/7_Semestre/Wall-E-Nav/urdf_ws/install/urdfbot_description/share/urdfbot_description//rviz/robot.rviz
[0.794s] -- Up-to-date symlink: /home/lucas/Desktop/lucas/Faculdade/7_Semestre/Wall-E-Nav/urdf_ws/install/urdfbot_description/share/urdfbot_description//launch/urdf_visualize.launch.py
[0.795s] -- Up-to-date symlink: /home/lucas/Desktop/lucas/Faculdade/7_Semestre/Wall-E-Nav/urdf_ws/install/urdfbot_description/share/ament_index/resource_index/package_run_dependencies/urdfbot_description
[0.795s] -- Up-to-date symlink: /home/lucas/Desktop/lucas/Faculdade/7_Semestre/Wall-E-Nav/urdf_ws/install/urdfbot_description/share/ament_index/resource_index/parent_prefix_path/urdfbot_description
[0.796s] -- Up-to-date symlink: /home/lucas/Desktop/lucas/Faculdade/7_Semestre/Wall-E-Nav/urdf_ws/install/urdfbot_description/share/urdfbot_description/environment/ament_prefix_path.sh
[0.796s] -- Up-to-date symlink: /home/lucas/Desktop/lucas/Faculdade/7_Semestre/Wall-E-Nav/urdf_ws/install/urdfbot_description/share/urdfbot_description/environment/ament_prefix_path.dsv
[0.797s] -- Up-to-date symlink: /home/lucas/Desktop/lucas/Faculdade/7_Semestre/Wall-E-Nav/urdf_ws/install/urdfbot_description/share/urdfbot_description/environment/path.sh
[0.797s] -- Up-to-date symlink: /home/lucas/Desktop/lucas/Faculdade/7_Semestre/Wall-E-Nav/urdf_ws/install/urdfbot_description/share/urdfbot_description/environment/path.dsv
[0.797s] -- Up-to-date symlink: /home/lucas/Desktop/lucas/Faculdade/7_Semestre/Wall-E-Nav/urdf_ws/install/urdfbot_description/share/urdfbot_description/local_setup.bash
[0.798s] -- Up-to-date symlink: /home/lucas/Desktop/lucas/Faculdade/7_Semestre/Wall-E-Nav/urdf_ws/install/urdfbot_description/share/urdfbot_description/local_setup.sh
[0.798s] -- Up-to-date symlink: /home/lucas/Desktop/lucas/Faculdade/7_Semestre/Wall-E-Nav/urdf_ws/install/urdfbot_description/share/urdfbot_description/local_setup.zsh
[0.799s] -- Up-to-date symlink: /home/lucas/Desktop/lucas/Faculdade/7_Semestre/Wall-E-Nav/urdf_ws/install/urdfbot_description/share/urdfbot_description/local_setup.dsv
[0.799s] -- Symlinking: /home/lucas/Desktop/lucas/Faculdade/7_Semestre/Wall-E-Nav/urdf_ws/install/urdfbot_description/share/urdfbot_description/package.dsv
[0.818s] -- Up-to-date symlink: /home/lucas/Desktop/lucas/Faculdade/7_Semestre/Wall-E-Nav/urdf_ws/install/urdfbot_description/share/ament_index/resource_index/packages/urdfbot_description
[0.819s] -- Up-to-date symlink: /home/lucas/Desktop/lucas/Faculdade/7_Semestre/Wall-E-Nav/urdf_ws/install/urdfbot_description/share/urdfbot_description/cmake/urdfbot_descriptionConfig.cmake
[0.819s] -- Up-to-date symlink: /home/lucas/Desktop/lucas/Faculdade/7_Semestre/Wall-E-Nav/urdf_ws/install/urdfbot_description/share/urdfbot_description/cmake/urdfbot_descriptionConfig-version.cmake
[0.820s] -- Up-to-date symlink: /home/lucas/Desktop/lucas/Faculdade/7_Semestre/Wall-E-Nav/urdf_ws/install/urdfbot_description/share/urdfbot_description/package.xml
[0.824s] Invoked command in '/home/lucas/Desktop/lucas/Faculdade/7_Semestre/Wall-E-Nav/urdf_ws/build/urdfbot_description' returned '0': CMAKE_PREFIX_PATH=${CMAKE_PREFIX_PATH}:/opt/ros/foxy /usr/bin/cmake --install /home/lucas/Desktop/lucas/Faculdade/7_Semestre/Wall-E-Nav/urdf_ws/build/urdfbot_description
