[0.034s] Invoking command in '/home/llagoeiro/Desktop/TheConstruct/URDF_ROS2/Aula01/urdf_ws/build/urdfbot_description': CMAKE_PREFIX_PATH=${CMAKE_PREFIX_PATH}:/opt/ros/humble /usr/bin/cmake /home/llagoeiro/Desktop/TheConstruct/URDF_ROS2/Aula01/urdf_ws/src/urdfbot_description -DAMENT_CMAKE_SYMLINK_INSTALL=1 -DCMAKE_INSTALL_PREFIX=/home/llagoeiro/Desktop/TheConstruct/URDF_ROS2/Aula01/urdf_ws/install/urdfbot_description
[0.055s] -- Found ament_cmake: 1.3.8 (/opt/ros/humble/share/ament_cmake/cmake)
[0.131s] -- Override CMake install command with custom implementation using symlinks instead of copying resources
[0.142s] -- Found urdf: 2.6.0 (/opt/ros/humble/share/urdf/cmake)
[0.169s] -- Found xacro: 2.0.8 (/opt/ros/humble/share/xacro/cmake)
[0.169s] -- Found ament_lint_auto: 0.12.10 (/opt/ros/humble/share/ament_lint_auto/cmake)
[0.215s] -- Added test 'copyright' to check source files copyright and LICENSE
[0.217s] -- Added test 'flake8' to check Python code syntax and style conventions
[0.217s] -- Added test 'lint_cmake' to check CMake code style
[0.218s] -- Added test 'pep257' to check Python code against some of the docstring style conventions in PEP 257
[0.219s] -- Added test 'xmllint' to check XML markup files
[0.219s] -- Configuring done
[0.222s] -- Generating done
[0.222s] -- Build files have been written to: /home/llagoeiro/Desktop/TheConstruct/URDF_ROS2/Aula01/urdf_ws/build/urdfbot_description
[0.225s] Invoked command in '/home/llagoeiro/Desktop/TheConstruct/URDF_ROS2/Aula01/urdf_ws/build/urdfbot_description' returned '0': CMAKE_PREFIX_PATH=${CMAKE_PREFIX_PATH}:/opt/ros/humble /usr/bin/cmake /home/llagoeiro/Desktop/TheConstruct/URDF_ROS2/Aula01/urdf_ws/src/urdfbot_description -DAMENT_CMAKE_SYMLINK_INSTALL=1 -DCMAKE_INSTALL_PREFIX=/home/llagoeiro/Desktop/TheConstruct/URDF_ROS2/Aula01/urdf_ws/install/urdfbot_description
[0.227s] Invoking command in '/home/llagoeiro/Desktop/TheConstruct/URDF_ROS2/Aula01/urdf_ws/build/urdfbot_description': CMAKE_PREFIX_PATH=${CMAKE_PREFIX_PATH}:/opt/ros/humble /usr/bin/cmake --build /home/llagoeiro/Desktop/TheConstruct/URDF_ROS2/Aula01/urdf_ws/build/urdfbot_description -- -j12 -l12
[0.249s] Invoked command in '/home/llagoeiro/Desktop/TheConstruct/URDF_ROS2/Aula01/urdf_ws/build/urdfbot_description' returned '0': CMAKE_PREFIX_PATH=${CMAKE_PREFIX_PATH}:/opt/ros/humble /usr/bin/cmake --build /home/llagoeiro/Desktop/TheConstruct/URDF_ROS2/Aula01/urdf_ws/build/urdfbot_description -- -j12 -l12
[0.268s] Invoking command in '/home/llagoeiro/Desktop/TheConstruct/URDF_ROS2/Aula01/urdf_ws/build/urdfbot_description': CMAKE_PREFIX_PATH=${CMAKE_PREFIX_PATH}:/opt/ros/humble /usr/bin/cmake --install /home/llagoeiro/Desktop/TheConstruct/URDF_ROS2/Aula01/urdf_ws/build/urdfbot_description
[0.272s] -- Install configuration: ""
[0.272s] -- Execute custom install script
[0.272s] -- Symlinking: /home/llagoeiro/Desktop/TheConstruct/URDF_ROS2/Aula01/urdf_ws/install/urdfbot_description/share/urdfbot_description//urdf/test.urdf
[0.278s] -- Symlinking: /home/llagoeiro/Desktop/TheConstruct/URDF_ROS2/Aula01/urdf_ws/install/urdfbot_description/share/urdfbot_description//urdf/urdfbot_simple.urdf
[0.283s] -- Symlinking: /home/llagoeiro/Desktop/TheConstruct/URDF_ROS2/Aula01/urdf_ws/install/urdfbot_description/share/urdfbot_description//rviz/robot.rviz
[0.288s] -- Symlinking: /home/llagoeiro/Desktop/TheConstruct/URDF_ROS2/Aula01/urdf_ws/install/urdfbot_description/share/urdfbot_description//launch/urdf_visualize.launch.py
[0.292s] -- Symlinking: /home/llagoeiro/Desktop/TheConstruct/URDF_ROS2/Aula01/urdf_ws/install/urdfbot_description/share/ament_index/resource_index/package_run_dependencies/urdfbot_description
[0.297s] -- Symlinking: /home/llagoeiro/Desktop/TheConstruct/URDF_ROS2/Aula01/urdf_ws/install/urdfbot_description/share/ament_index/resource_index/parent_prefix_path/urdfbot_description
[0.302s] -- Symlinking: /home/llagoeiro/Desktop/TheConstruct/URDF_ROS2/Aula01/urdf_ws/install/urdfbot_description/share/urdfbot_description/environment/ament_prefix_path.sh
[0.307s] -- Symlinking: /home/llagoeiro/Desktop/TheConstruct/URDF_ROS2/Aula01/urdf_ws/install/urdfbot_description/share/urdfbot_description/environment/ament_prefix_path.dsv
[0.312s] -- Symlinking: /home/llagoeiro/Desktop/TheConstruct/URDF_ROS2/Aula01/urdf_ws/install/urdfbot_description/share/urdfbot_description/environment/path.sh
[0.317s] -- Symlinking: /home/llagoeiro/Desktop/TheConstruct/URDF_ROS2/Aula01/urdf_ws/install/urdfbot_description/share/urdfbot_description/environment/path.dsv
[0.322s] -- Symlinking: /home/llagoeiro/Desktop/TheConstruct/URDF_ROS2/Aula01/urdf_ws/install/urdfbot_description/share/urdfbot_description/local_setup.bash
[0.327s] -- Symlinking: /home/llagoeiro/Desktop/TheConstruct/URDF_ROS2/Aula01/urdf_ws/install/urdfbot_description/share/urdfbot_description/local_setup.sh
[0.332s] -- Symlinking: /home/llagoeiro/Desktop/TheConstruct/URDF_ROS2/Aula01/urdf_ws/install/urdfbot_description/share/urdfbot_description/local_setup.zsh
[0.337s] -- Symlinking: /home/llagoeiro/Desktop/TheConstruct/URDF_ROS2/Aula01/urdf_ws/install/urdfbot_description/share/urdfbot_description/local_setup.dsv
[0.342s] -- Symlinking: /home/llagoeiro/Desktop/TheConstruct/URDF_ROS2/Aula01/urdf_ws/install/urdfbot_description/share/urdfbot_description/package.dsv
[0.348s] -- Symlinking: /home/llagoeiro/Desktop/TheConstruct/URDF_ROS2/Aula01/urdf_ws/install/urdfbot_description/share/ament_index/resource_index/packages/urdfbot_description
[0.353s] -- Symlinking: /home/llagoeiro/Desktop/TheConstruct/URDF_ROS2/Aula01/urdf_ws/install/urdfbot_description/share/urdfbot_description/cmake/urdfbot_descriptionConfig.cmake
[0.358s] -- Symlinking: /home/llagoeiro/Desktop/TheConstruct/URDF_ROS2/Aula01/urdf_ws/install/urdfbot_description/share/urdfbot_description/cmake/urdfbot_descriptionConfig-version.cmake
[0.363s] -- Symlinking: /home/llagoeiro/Desktop/TheConstruct/URDF_ROS2/Aula01/urdf_ws/install/urdfbot_description/share/urdfbot_description/package.xml
[0.369s] Invoked command in '/home/llagoeiro/Desktop/TheConstruct/URDF_ROS2/Aula01/urdf_ws/build/urdfbot_description' returned '0': CMAKE_PREFIX_PATH=${CMAKE_PREFIX_PATH}:/opt/ros/humble /usr/bin/cmake --install /home/llagoeiro/Desktop/TheConstruct/URDF_ROS2/Aula01/urdf_ws/build/urdfbot_description
