[7.525s] DEBUG:colcon:Command line arguments: ['/usr/bin/colcon', 'build']
[7.526s] DEBUG:colcon:Parsed command line arguments: Namespace(allow_overriding=[], ament_cmake_args=None, base_paths=['.'], build_base='build', catkin_cmake_args=None, catkin_skip_building_tests=False, cmake_args=None, cmake_clean_cache=False, cmake_clean_first=False, cmake_force_configure=False, cmake_target=None, cmake_target_skip_unavailable=False, continue_on_error=False, event_handlers=None, executor='parallel', ignore_user_meta=False, install_base='install', log_base=None, log_level=None, main=<bound method BuildVerb.main of <colcon_core.verb.build.BuildVerb object at 0x7fe477906fd0>>, merge_install=False, metas=['./colcon.meta'], packages_above=None, packages_above_and_dependencies=None, packages_above_depth=None, packages_end=None, packages_ignore=None, packages_ignore_regex=None, packages_select=None, packages_select_build_failed=False, packages_select_by_dep=None, packages_select_regex=None, packages_select_test_failures=False, packages_skip=None, packages_skip_build_finished=False, packages_skip_by_dep=None, packages_skip_regex=None, packages_skip_test_passed=False, packages_skip_up_to=None, packages_start=None, packages_up_to=None, packages_up_to_regex=None, parallel_workers=6, paths=None, symlink_install=False, test_result_base=None, verb_extension=<colcon_core.verb.build.BuildVerb object at 0x7fe477906fd0>, verb_name='build', verb_parser=<colcon_defaults.argument_parser.defaults.DefaultArgumentsDecorator object at 0x7fe477592310>)
[7.833s] Level 1:colcon.colcon_core.package_discovery:discover_packages(colcon_meta) check parameters
[7.834s] Level 1:colcon.colcon_core.package_discovery:discover_packages(recursive) check parameters
[7.834s] Level 1:colcon.colcon_core.package_discovery:discover_packages(ignore) check parameters
[7.834s] Level 1:colcon.colcon_core.package_discovery:discover_packages(path) check parameters
[7.834s] Level 1:colcon.colcon_core.package_discovery:discover_packages(colcon_meta) discover
[7.834s] Level 1:colcon.colcon_core.package_discovery:discover_packages(recursive) discover
[7.834s] INFO:colcon.colcon_core.package_discovery:Crawling recursively for packages in '/home/lucas/Desktop/lucas/Faculdade/7_Semestre/Wall-E-Nav/urdf_ws'
[7.834s] Level 1:colcon.colcon_core.package_identification:_identify(.) by extensions ['ignore', 'ignore_ament_install']
[7.834s] Level 1:colcon.colcon_core.package_identification:_identify(.) by extension 'ignore'
[7.834s] Level 1:colcon.colcon_core.package_identification:_identify(.) by extension 'ignore_ament_install'
[7.834s] Level 1:colcon.colcon_core.package_identification:_identify(.) by extensions ['colcon_pkg']
[7.834s] Level 1:colcon.colcon_core.package_identification:_identify(.) by extension 'colcon_pkg'
[7.834s] Level 1:colcon.colcon_core.package_identification:_identify(.) by extensions ['colcon_meta']
[7.834s] Level 1:colcon.colcon_core.package_identification:_identify(.) by extension 'colcon_meta'
[7.834s] Level 1:colcon.colcon_core.package_identification:_identify(.) by extensions ['ros']
[7.835s] Level 1:colcon.colcon_core.package_identification:_identify(.) by extension 'ros'
[7.866s] Level 1:colcon.colcon_core.package_identification:_identify(.) by extensions ['cmake', 'python']
[7.866s] Level 1:colcon.colcon_core.package_identification:_identify(.) by extension 'cmake'
[7.866s] Level 1:colcon.colcon_core.package_identification:_identify(.) by extension 'python'
[7.866s] Level 1:colcon.colcon_core.package_identification:_identify(.) by extensions ['python_setup_py']
[7.866s] Level 1:colcon.colcon_core.package_identification:_identify(.) by extension 'python_setup_py'
[7.866s] Level 1:colcon.colcon_core.package_identification:_identify(build) by extensions ['ignore', 'ignore_ament_install']
[7.866s] Level 1:colcon.colcon_core.package_identification:_identify(build) by extension 'ignore'
[7.866s] Level 1:colcon.colcon_core.package_identification:_identify(build) ignored
[7.866s] Level 1:colcon.colcon_core.package_identification:_identify(install) by extensions ['ignore', 'ignore_ament_install']
[7.866s] Level 1:colcon.colcon_core.package_identification:_identify(install) by extension 'ignore'
[7.866s] Level 1:colcon.colcon_core.package_identification:_identify(install) ignored
[7.867s] Level 1:colcon.colcon_core.package_identification:_identify(log) by extensions ['ignore', 'ignore_ament_install']
[7.867s] Level 1:colcon.colcon_core.package_identification:_identify(log) by extension 'ignore'
[7.867s] Level 1:colcon.colcon_core.package_identification:_identify(log) ignored
[7.867s] Level 1:colcon.colcon_core.package_identification:_identify(src) by extensions ['ignore', 'ignore_ament_install']
[7.867s] Level 1:colcon.colcon_core.package_identification:_identify(src) by extension 'ignore'
[7.867s] Level 1:colcon.colcon_core.package_identification:_identify(src) by extension 'ignore_ament_install'
[7.867s] Level 1:colcon.colcon_core.package_identification:_identify(src) by extensions ['colcon_pkg']
[7.867s] Level 1:colcon.colcon_core.package_identification:_identify(src) by extension 'colcon_pkg'
[7.867s] Level 1:colcon.colcon_core.package_identification:_identify(src) by extensions ['colcon_meta']
[7.867s] Level 1:colcon.colcon_core.package_identification:_identify(src) by extension 'colcon_meta'
[7.867s] Level 1:colcon.colcon_core.package_identification:_identify(src) by extensions ['ros']
[7.867s] Level 1:colcon.colcon_core.package_identification:_identify(src) by extension 'ros'
[7.867s] Level 1:colcon.colcon_core.package_identification:_identify(src) by extensions ['cmake', 'python']
[7.867s] Level 1:colcon.colcon_core.package_identification:_identify(src) by extension 'cmake'
[7.868s] Level 1:colcon.colcon_core.package_identification:_identify(src) by extension 'python'
[7.868s] Level 1:colcon.colcon_core.package_identification:_identify(src) by extensions ['python_setup_py']
[7.868s] Level 1:colcon.colcon_core.package_identification:_identify(src) by extension 'python_setup_py'
[7.868s] Level 1:colcon.colcon_core.package_identification:_identify(src/urdfbot_description) by extensions ['ignore', 'ignore_ament_install']
[7.868s] Level 1:colcon.colcon_core.package_identification:_identify(src/urdfbot_description) by extension 'ignore'
[7.868s] Level 1:colcon.colcon_core.package_identification:_identify(src/urdfbot_description) by extension 'ignore_ament_install'
[7.868s] Level 1:colcon.colcon_core.package_identification:_identify(src/urdfbot_description) by extensions ['colcon_pkg']
[7.868s] Level 1:colcon.colcon_core.package_identification:_identify(src/urdfbot_description) by extension 'colcon_pkg'
[7.868s] Level 1:colcon.colcon_core.package_identification:_identify(src/urdfbot_description) by extensions ['colcon_meta']
[7.868s] Level 1:colcon.colcon_core.package_identification:_identify(src/urdfbot_description) by extension 'colcon_meta'
[7.868s] Level 1:colcon.colcon_core.package_identification:_identify(src/urdfbot_description) by extensions ['ros']
[7.868s] Level 1:colcon.colcon_core.package_identification:_identify(src/urdfbot_description) by extension 'ros'
[7.871s] DEBUG:colcon.colcon_core.package_identification:Package 'src/urdfbot_description' with type 'ros.ament_cmake' and name 'urdfbot_description'
[7.871s] Level 1:colcon.colcon_core.package_discovery:discover_packages(recursive) using defaults
[7.871s] Level 1:colcon.colcon_core.package_discovery:discover_packages(ignore) discover
[7.872s] Level 1:colcon.colcon_core.package_discovery:discover_packages(ignore) using defaults
[7.872s] Level 1:colcon.colcon_core.package_discovery:discover_packages(path) discover
[7.872s] Level 1:colcon.colcon_core.package_discovery:discover_packages(path) using defaults
[8.567s] Level 1:colcon.colcon_core.package_discovery:discover_packages(prefix_path) check parameters
[8.567s] Level 1:colcon.colcon_core.package_discovery:discover_packages(prefix_path) discover
[8.703s] WARNING:colcon.colcon_core.prefix_path.colcon:The path '/home/lucas/Desktop/lucas/Faculdade/7 °/Wall-E-Nav/urdf_ws/install' in the environment variable COLCON_PREFIX_PATH doesn't exist
[8.703s] WARNING:colcon.colcon_core.prefix_path.colcon:The path '/home/lucas/Desktop/lucas/Faculdade/7 °/fagner_urdf/install' in the environment variable COLCON_PREFIX_PATH doesn't exist
[8.703s] WARNING:colcon.colcon_core.prefix_path.colcon:The path '/home/lucas/Desktop/lucas/Faculdade/7 °/urdf/install' in the environment variable COLCON_PREFIX_PATH doesn't exist
[8.703s] WARNING:colcon.colcon_ros.prefix_path.ament:The path '/home/lucas/Desktop/lucas/Faculdade/7 °/Wall-E-Nav/urdf_ws/install/urdfbot_description' in the environment variable AMENT_PREFIX_PATH doesn't exist
[8.703s] WARNING:colcon.colcon_ros.prefix_path.ament:The path '/home/lucas/Desktop/lucas/Faculdade/7 °/fagner_urdf/install/myfirstrobot_description' in the environment variable AMENT_PREFIX_PATH doesn't exist
[8.703s] WARNING:colcon.colcon_ros.prefix_path.ament:The path '/home/lucas/Desktop/lucas/Faculdade/7 °/urdf/install/urdf_tutorial' in the environment variable AMENT_PREFIX_PATH doesn't exist
[8.704s] WARNING:colcon.colcon_ros.prefix_path.catkin:The path '/home/lucas/Desktop/lucas/Faculdade/7 °/Wall-E-Nav/urdf_ws/install/urdfbot_description' in the environment variable CMAKE_PREFIX_PATH doesn't exist
[8.704s] WARNING:colcon.colcon_ros.prefix_path.catkin:The path '/home/lucas/Desktop/lucas/Faculdade/7 °/fagner_urdf/install/myfirstrobot_description' in the environment variable CMAKE_PREFIX_PATH doesn't exist
[8.704s] WARNING:colcon.colcon_ros.prefix_path.catkin:The path '/home/lucas/Desktop/lucas/Faculdade/7 °/urdf/install/urdf_tutorial' in the environment variable CMAKE_PREFIX_PATH doesn't exist
[8.843s] DEBUG:colcon.colcon_installed_package_information.package_discovery:Found 1 installed packages in /home/lucas/Desktop/lucas/Faculdade/7_Semestre/Wall-E-Nav/urdf_ws/install
[8.981s] DEBUG:colcon.colcon_installed_package_information.package_discovery:Found 260 installed packages in /opt/ros/foxy
[8.984s] Level 1:colcon.colcon_core.package_discovery:discover_packages(prefix_path) using defaults
[9.374s] Level 5:colcon.colcon_core.verb:set package 'urdfbot_description' build argument 'cmake_args' from command line to 'None'
[9.374s] Level 5:colcon.colcon_core.verb:set package 'urdfbot_description' build argument 'cmake_target' from command line to 'None'
[9.374s] Level 5:colcon.colcon_core.verb:set package 'urdfbot_description' build argument 'cmake_target_skip_unavailable' from command line to 'False'
[9.375s] Level 5:colcon.colcon_core.verb:set package 'urdfbot_description' build argument 'cmake_clean_cache' from command line to 'False'
[9.375s] Level 5:colcon.colcon_core.verb:set package 'urdfbot_description' build argument 'cmake_clean_first' from command line to 'False'
[9.375s] Level 5:colcon.colcon_core.verb:set package 'urdfbot_description' build argument 'cmake_force_configure' from command line to 'False'
[9.375s] Level 5:colcon.colcon_core.verb:set package 'urdfbot_description' build argument 'ament_cmake_args' from command line to 'None'
[9.375s] Level 5:colcon.colcon_core.verb:set package 'urdfbot_description' build argument 'catkin_cmake_args' from command line to 'None'
[9.375s] Level 5:colcon.colcon_core.verb:set package 'urdfbot_description' build argument 'catkin_skip_building_tests' from command line to 'False'
[9.375s] DEBUG:colcon.colcon_core.verb:Building package 'urdfbot_description' with the following arguments: {'ament_cmake_args': None, 'build_base': '/home/lucas/Desktop/lucas/Faculdade/7_Semestre/Wall-E-Nav/urdf_ws/build/urdfbot_description', 'catkin_cmake_args': None, 'catkin_skip_building_tests': False, 'cmake_args': None, 'cmake_clean_cache': False, 'cmake_clean_first': False, 'cmake_force_configure': False, 'cmake_target': None, 'cmake_target_skip_unavailable': False, 'install_base': '/home/lucas/Desktop/lucas/Faculdade/7_Semestre/Wall-E-Nav/urdf_ws/install/urdfbot_description', 'merge_install': False, 'path': '/home/lucas/Desktop/lucas/Faculdade/7_Semestre/Wall-E-Nav/urdf_ws/src/urdfbot_description', 'symlink_install': False, 'test_result_base': None}
[9.510s] INFO:colcon.colcon_core.executor:Executing jobs using 'parallel' executor
[9.649s] DEBUG:colcon.colcon_parallel_executor.executor.parallel:run_until_complete
[9.650s] INFO:colcon.colcon_ros.task.ament_cmake.build:Building ROS package in '/home/lucas/Desktop/lucas/Faculdade/7_Semestre/Wall-E-Nav/urdf_ws/src/urdfbot_description' with build type 'ament_cmake'
[9.650s] INFO:colcon.colcon_cmake.task.cmake.build:Building CMake package in '/home/lucas/Desktop/lucas/Faculdade/7_Semestre/Wall-E-Nav/urdf_ws/src/urdfbot_description'
[9.796s] INFO:colcon.colcon_core.plugin_system:Skipping extension 'colcon_core.shell.bat': Not used on non-Windows systems
[9.796s] INFO:colcon.colcon_core.shell:Skip shell extension 'powershell' for command environment: Not usable outside of PowerShell
[9.796s] DEBUG:colcon.colcon_core.shell:Skip shell extension 'dsv' for command environment
[10.242s] DEBUG:colcon.colcon_core.event_handler.log_command:Invoking command in '/home/lucas/Desktop/lucas/Faculdade/7_Semestre/Wall-E-Nav/urdf_ws/build/urdfbot_description': CMAKE_PREFIX_PATH=${CMAKE_PREFIX_PATH}:/opt/ros/foxy /usr/bin/cmake --build /home/lucas/Desktop/lucas/Faculdade/7_Semestre/Wall-E-Nav/urdf_ws/build/urdfbot_description -- -j6 -l6
[10.316s] DEBUG:colcon.colcon_core.event_handler.log_command:Invoked command in '/home/lucas/Desktop/lucas/Faculdade/7_Semestre/Wall-E-Nav/urdf_ws/build/urdfbot_description' returned '0': CMAKE_PREFIX_PATH=${CMAKE_PREFIX_PATH}:/opt/ros/foxy /usr/bin/cmake --build /home/lucas/Desktop/lucas/Faculdade/7_Semestre/Wall-E-Nav/urdf_ws/build/urdfbot_description -- -j6 -l6
[10.392s] DEBUG:colcon.colcon_core.event_handler.log_command:Invoking command in '/home/lucas/Desktop/lucas/Faculdade/7_Semestre/Wall-E-Nav/urdf_ws/build/urdfbot_description': CMAKE_PREFIX_PATH=${CMAKE_PREFIX_PATH}:/opt/ros/foxy /usr/bin/cmake --install /home/lucas/Desktop/lucas/Faculdade/7_Semestre/Wall-E-Nav/urdf_ws/build/urdfbot_description
[10.411s] Level 1:colcon.colcon_core.environment:create_environment_scripts_only(urdfbot_description)
[10.412s] DEBUG:colcon.colcon_core.event_handler.log_command:Invoked command in '/home/lucas/Desktop/lucas/Faculdade/7_Semestre/Wall-E-Nav/urdf_ws/build/urdfbot_description' returned '0': CMAKE_PREFIX_PATH=${CMAKE_PREFIX_PATH}:/opt/ros/foxy /usr/bin/cmake --install /home/lucas/Desktop/lucas/Faculdade/7_Semestre/Wall-E-Nav/urdf_ws/build/urdfbot_description
[10.562s] Level 1:colcon.colcon_core.environment:checking '/home/lucas/Desktop/lucas/Faculdade/7_Semestre/Wall-E-Nav/urdf_ws/install/urdfbot_description' for CMake module files
[10.563s] Level 1:colcon.colcon_core.environment:checking '/home/lucas/Desktop/lucas/Faculdade/7_Semestre/Wall-E-Nav/urdf_ws/install/urdfbot_description' for CMake config files
[10.563s] Level 1:colcon.colcon_core.shell:create_environment_hook('urdfbot_description', 'cmake_prefix_path')
[10.709s] INFO:colcon.colcon_core.shell:Creating environment hook '/home/lucas/Desktop/lucas/Faculdade/7_Semestre/Wall-E-Nav/urdf_ws/install/urdfbot_description/share/urdfbot_description/hook/cmake_prefix_path.ps1'
[10.710s] INFO:colcon.colcon_core.shell:Creating environment descriptor '/home/lucas/Desktop/lucas/Faculdade/7_Semestre/Wall-E-Nav/urdf_ws/install/urdfbot_description/share/urdfbot_description/hook/cmake_prefix_path.dsv'
[10.710s] INFO:colcon.colcon_core.shell:Creating environment hook '/home/lucas/Desktop/lucas/Faculdade/7_Semestre/Wall-E-Nav/urdf_ws/install/urdfbot_description/share/urdfbot_description/hook/cmake_prefix_path.sh'
[10.711s] Level 1:colcon.colcon_core.environment:checking '/home/lucas/Desktop/lucas/Faculdade/7_Semestre/Wall-E-Nav/urdf_ws/install/urdfbot_description/bin'
[10.712s] Level 1:colcon.colcon_core.environment:checking '/home/lucas/Desktop/lucas/Faculdade/7_Semestre/Wall-E-Nav/urdf_ws/install/urdfbot_description/lib/pkgconfig/urdfbot_description.pc'
[10.712s] Level 1:colcon.colcon_core.environment:checking '/home/lucas/Desktop/lucas/Faculdade/7_Semestre/Wall-E-Nav/urdf_ws/install/urdfbot_description/lib/python3.8/site-packages'
[10.712s] Level 1:colcon.colcon_core.environment:checking '/home/lucas/Desktop/lucas/Faculdade/7_Semestre/Wall-E-Nav/urdf_ws/install/urdfbot_description/bin'
[10.854s] INFO:colcon.colcon_core.shell:Creating package script '/home/lucas/Desktop/lucas/Faculdade/7_Semestre/Wall-E-Nav/urdf_ws/install/urdfbot_description/share/urdfbot_description/package.ps1'
[10.855s] INFO:colcon.colcon_core.shell:Creating package descriptor '/home/lucas/Desktop/lucas/Faculdade/7_Semestre/Wall-E-Nav/urdf_ws/install/urdfbot_description/share/urdfbot_description/package.dsv'
[10.856s] INFO:colcon.colcon_core.shell:Creating package script '/home/lucas/Desktop/lucas/Faculdade/7_Semestre/Wall-E-Nav/urdf_ws/install/urdfbot_description/share/urdfbot_description/package.sh'
[10.857s] INFO:colcon.colcon_core.shell:Creating package script '/home/lucas/Desktop/lucas/Faculdade/7_Semestre/Wall-E-Nav/urdf_ws/install/urdfbot_description/share/urdfbot_description/package.bash'
[10.858s] INFO:colcon.colcon_core.shell:Creating package script '/home/lucas/Desktop/lucas/Faculdade/7_Semestre/Wall-E-Nav/urdf_ws/install/urdfbot_description/share/urdfbot_description/package.zsh'
[10.858s] Level 1:colcon.colcon_core.environment:create_file_with_runtime_dependencies(/home/lucas/Desktop/lucas/Faculdade/7_Semestre/Wall-E-Nav/urdf_ws/install/urdfbot_description/share/colcon-core/packages/urdfbot_description)
[11.051s] Level 1:colcon.colcon_core.environment:create_environment_scripts_only(urdfbot_description)
[11.192s] Level 1:colcon.colcon_core.environment:checking '/home/lucas/Desktop/lucas/Faculdade/7_Semestre/Wall-E-Nav/urdf_ws/install/urdfbot_description' for CMake module files
[11.193s] Level 1:colcon.colcon_core.environment:checking '/home/lucas/Desktop/lucas/Faculdade/7_Semestre/Wall-E-Nav/urdf_ws/install/urdfbot_description' for CMake config files
[11.194s] Level 1:colcon.colcon_core.shell:create_environment_hook('urdfbot_description', 'cmake_prefix_path')
[11.335s] INFO:colcon.colcon_core.shell:Creating environment hook '/home/lucas/Desktop/lucas/Faculdade/7_Semestre/Wall-E-Nav/urdf_ws/install/urdfbot_description/share/urdfbot_description/hook/cmake_prefix_path.ps1'
[11.335s] INFO:colcon.colcon_core.shell:Creating environment descriptor '/home/lucas/Desktop/lucas/Faculdade/7_Semestre/Wall-E-Nav/urdf_ws/install/urdfbot_description/share/urdfbot_description/hook/cmake_prefix_path.dsv'
[11.336s] INFO:colcon.colcon_core.shell:Creating environment hook '/home/lucas/Desktop/lucas/Faculdade/7_Semestre/Wall-E-Nav/urdf_ws/install/urdfbot_description/share/urdfbot_description/hook/cmake_prefix_path.sh'
[11.336s] Level 1:colcon.colcon_core.environment:checking '/home/lucas/Desktop/lucas/Faculdade/7_Semestre/Wall-E-Nav/urdf_ws/install/urdfbot_description/bin'
[11.336s] Level 1:colcon.colcon_core.environment:checking '/home/lucas/Desktop/lucas/Faculdade/7_Semestre/Wall-E-Nav/urdf_ws/install/urdfbot_description/lib/pkgconfig/urdfbot_description.pc'
[11.337s] Level 1:colcon.colcon_core.environment:checking '/home/lucas/Desktop/lucas/Faculdade/7_Semestre/Wall-E-Nav/urdf_ws/install/urdfbot_description/lib/python3.8/site-packages'
[11.337s] Level 1:colcon.colcon_core.environment:checking '/home/lucas/Desktop/lucas/Faculdade/7_Semestre/Wall-E-Nav/urdf_ws/install/urdfbot_description/bin'
[11.478s] INFO:colcon.colcon_core.shell:Creating package script '/home/lucas/Desktop/lucas/Faculdade/7_Semestre/Wall-E-Nav/urdf_ws/install/urdfbot_description/share/urdfbot_description/package.ps1'
[11.479s] INFO:colcon.colcon_core.shell:Creating package descriptor '/home/lucas/Desktop/lucas/Faculdade/7_Semestre/Wall-E-Nav/urdf_ws/install/urdfbot_description/share/urdfbot_description/package.dsv'
[11.479s] INFO:colcon.colcon_core.shell:Creating package script '/home/lucas/Desktop/lucas/Faculdade/7_Semestre/Wall-E-Nav/urdf_ws/install/urdfbot_description/share/urdfbot_description/package.sh'
[11.480s] INFO:colcon.colcon_core.shell:Creating package script '/home/lucas/Desktop/lucas/Faculdade/7_Semestre/Wall-E-Nav/urdf_ws/install/urdfbot_description/share/urdfbot_description/package.bash'
[11.480s] INFO:colcon.colcon_core.shell:Creating package script '/home/lucas/Desktop/lucas/Faculdade/7_Semestre/Wall-E-Nav/urdf_ws/install/urdfbot_description/share/urdfbot_description/package.zsh'
[11.481s] Level 1:colcon.colcon_core.environment:create_file_with_runtime_dependencies(/home/lucas/Desktop/lucas/Faculdade/7_Semestre/Wall-E-Nav/urdf_ws/install/urdfbot_description/share/colcon-core/packages/urdfbot_description)
[11.481s] DEBUG:colcon.colcon_parallel_executor.executor.parallel:closing loop
[11.481s] DEBUG:colcon.colcon_parallel_executor.executor.parallel:loop closed
[11.481s] DEBUG:colcon.colcon_parallel_executor.executor.parallel:run_until_complete finished with '0'
[11.481s] DEBUG:colcon.colcon_core.event_reactor:joining thread
[11.638s] INFO:colcon.colcon_core.plugin_system:Skipping extension 'colcon_notification.desktop_notification.terminal_notifier': Not used on non-Darwin systems
[11.638s] INFO:colcon.colcon_core.plugin_system:Skipping extension 'colcon_notification.desktop_notification.win32': Not used on non-Windows systems
[11.638s] INFO:colcon.colcon_notification.desktop_notification:Sending desktop notification using 'notify2'
[11.664s] DEBUG:colcon.colcon_core.event_reactor:joined thread
[11.813s] INFO:colcon.colcon_core.shell:Creating prefix script '/home/lucas/Desktop/lucas/Faculdade/7_Semestre/Wall-E-Nav/urdf_ws/install/local_setup.ps1'
[11.814s] INFO:colcon.colcon_core.shell:Creating prefix util module '/home/lucas/Desktop/lucas/Faculdade/7_Semestre/Wall-E-Nav/urdf_ws/install/_local_setup_util_ps1.py'
[11.816s] INFO:colcon.colcon_core.shell:Creating prefix chain script '/home/lucas/Desktop/lucas/Faculdade/7_Semestre/Wall-E-Nav/urdf_ws/install/setup.ps1'
[11.955s] INFO:colcon.colcon_core.shell:Creating prefix script '/home/lucas/Desktop/lucas/Faculdade/7_Semestre/Wall-E-Nav/urdf_ws/install/local_setup.sh'
[11.955s] INFO:colcon.colcon_core.shell:Creating prefix util module '/home/lucas/Desktop/lucas/Faculdade/7_Semestre/Wall-E-Nav/urdf_ws/install/_local_setup_util_sh.py'
[11.956s] INFO:colcon.colcon_core.shell:Creating prefix chain script '/home/lucas/Desktop/lucas/Faculdade/7_Semestre/Wall-E-Nav/urdf_ws/install/setup.sh'
[12.094s] INFO:colcon.colcon_core.shell:Creating prefix script '/home/lucas/Desktop/lucas/Faculdade/7_Semestre/Wall-E-Nav/urdf_ws/install/local_setup.bash'
[12.094s] INFO:colcon.colcon_core.shell:Creating prefix chain script '/home/lucas/Desktop/lucas/Faculdade/7_Semestre/Wall-E-Nav/urdf_ws/install/setup.bash'
[12.235s] INFO:colcon.colcon_core.shell:Creating prefix script '/home/lucas/Desktop/lucas/Faculdade/7_Semestre/Wall-E-Nav/urdf_ws/install/local_setup.zsh'
[12.235s] INFO:colcon.colcon_core.shell:Creating prefix chain script '/home/lucas/Desktop/lucas/Faculdade/7_Semestre/Wall-E-Nav/urdf_ws/install/setup.zsh'
