[0.415s] DEBUG:colcon:Command line arguments: ['/usr/bin/colcon', 'build', '--symlink-install']
[0.415s] DEBUG:colcon:Parsed command line arguments: Namespace(log_base=None, log_level=None, verb_name='build', build_base='build', install_base='install', merge_install=False, symlink_install=True, test_result_base=None, continue_on_error=False, executor='parallel', parallel_workers=12, event_handlers=None, ignore_user_meta=False, metas=['./colcon.meta'], base_paths=['.'], packages_ignore=None, packages_ignore_regex=None, paths=None, packages_up_to=None, packages_up_to_regex=None, packages_above=None, packages_above_and_dependencies=None, packages_above_depth=None, packages_select_by_dep=None, packages_skip_by_dep=None, packages_skip_up_to=None, packages_select_build_failed=False, packages_skip_build_finished=False, packages_select_test_failures=False, packages_skip_test_passed=False, packages_select=None, packages_skip=None, packages_select_regex=None, packages_skip_regex=None, packages_start=None, packages_end=None, allow_overriding=[], cmake_args=None, cmake_target=None, cmake_target_skip_unavailable=False, cmake_clean_cache=False, cmake_clean_first=False, cmake_force_configure=False, ament_cmake_args=None, catkin_cmake_args=None, catkin_skip_building_tests=False, verb_parser=<colcon_defaults.argument_parser.defaults.DefaultArgumentsDecorator object at 0x75d465f9a1d0>, verb_extension=<colcon_core.verb.build.BuildVerb object at 0x75d465f69ea0>, main=<bound method BuildVerb.main of <colcon_core.verb.build.BuildVerb object at 0x75d465f69ea0>>)
[0.436s] Level 1:colcon.colcon_core.package_discovery:discover_packages(colcon_meta) check parameters
[0.436s] Level 1:colcon.colcon_core.package_discovery:discover_packages(recursive) check parameters
[0.436s] Level 1:colcon.colcon_core.package_discovery:discover_packages(ignore) check parameters
[0.436s] Level 1:colcon.colcon_core.package_discovery:discover_packages(path) check parameters
[0.436s] Level 1:colcon.colcon_core.package_discovery:discover_packages(colcon_meta) discover
[0.436s] Level 1:colcon.colcon_core.package_discovery:discover_packages(recursive) discover
[0.436s] INFO:colcon.colcon_core.package_discovery:Crawling recursively for packages in '/home/llagoeiro/Desktop/TheConstruct/URDF_ROS2/Aula01/urdf_ws'
[0.436s] Level 1:colcon.colcon_core.package_identification:_identify(.) by extensions ['ignore', 'ignore_ament_install']
[0.436s] Level 1:colcon.colcon_core.package_identification:_identify(.) by extension 'ignore'
[0.436s] Level 1:colcon.colcon_core.package_identification:_identify(.) by extension 'ignore_ament_install'
[0.436s] Level 1:colcon.colcon_core.package_identification:_identify(.) by extensions ['colcon_pkg']
[0.436s] Level 1:colcon.colcon_core.package_identification:_identify(.) by extension 'colcon_pkg'
[0.436s] Level 1:colcon.colcon_core.package_identification:_identify(.) by extensions ['colcon_meta']
[0.436s] Level 1:colcon.colcon_core.package_identification:_identify(.) by extension 'colcon_meta'
[0.436s] Level 1:colcon.colcon_core.package_identification:_identify(.) by extensions ['ros']
[0.437s] Level 1:colcon.colcon_core.package_identification:_identify(.) by extension 'ros'
[0.443s] Level 1:colcon.colcon_core.package_identification:_identify(.) by extensions ['cmake', 'python']
[0.443s] Level 1:colcon.colcon_core.package_identification:_identify(.) by extension 'cmake'
[0.443s] Level 1:colcon.colcon_core.package_identification:_identify(.) by extension 'python'
[0.443s] Level 1:colcon.colcon_core.package_identification:_identify(.) by extensions ['python_setup_py']
[0.443s] Level 1:colcon.colcon_core.package_identification:_identify(.) by extension 'python_setup_py'
[0.443s] Level 1:colcon.colcon_core.package_identification:_identify(build) by extensions ['ignore', 'ignore_ament_install']
[0.443s] Level 1:colcon.colcon_core.package_identification:_identify(build) by extension 'ignore'
[0.443s] Level 1:colcon.colcon_core.package_identification:_identify(build) ignored
[0.443s] Level 1:colcon.colcon_core.package_identification:_identify(install) by extensions ['ignore', 'ignore_ament_install']
[0.443s] Level 1:colcon.colcon_core.package_identification:_identify(install) by extension 'ignore'
[0.443s] Level 1:colcon.colcon_core.package_identification:_identify(install) ignored
[0.443s] Level 1:colcon.colcon_core.package_identification:_identify(log) by extensions ['ignore', 'ignore_ament_install']
[0.443s] Level 1:colcon.colcon_core.package_identification:_identify(log) by extension 'ignore'
[0.443s] Level 1:colcon.colcon_core.package_identification:_identify(log) ignored
[0.444s] Level 1:colcon.colcon_core.package_identification:_identify(src) by extensions ['ignore', 'ignore_ament_install']
[0.444s] Level 1:colcon.colcon_core.package_identification:_identify(src) by extension 'ignore'
[0.444s] Level 1:colcon.colcon_core.package_identification:_identify(src) by extension 'ignore_ament_install'
[0.444s] Level 1:colcon.colcon_core.package_identification:_identify(src) by extensions ['colcon_pkg']
[0.444s] Level 1:colcon.colcon_core.package_identification:_identify(src) by extension 'colcon_pkg'
[0.444s] Level 1:colcon.colcon_core.package_identification:_identify(src) by extensions ['colcon_meta']
[0.444s] Level 1:colcon.colcon_core.package_identification:_identify(src) by extension 'colcon_meta'
[0.444s] Level 1:colcon.colcon_core.package_identification:_identify(src) by extensions ['ros']
[0.444s] Level 1:colcon.colcon_core.package_identification:_identify(src) by extension 'ros'
[0.444s] Level 1:colcon.colcon_core.package_identification:_identify(src) by extensions ['cmake', 'python']
[0.444s] Level 1:colcon.colcon_core.package_identification:_identify(src) by extension 'cmake'
[0.444s] Level 1:colcon.colcon_core.package_identification:_identify(src) by extension 'python'
[0.444s] Level 1:colcon.colcon_core.package_identification:_identify(src) by extensions ['python_setup_py']
[0.444s] Level 1:colcon.colcon_core.package_identification:_identify(src) by extension 'python_setup_py'
[0.444s] Level 1:colcon.colcon_core.package_identification:_identify(src/urdfbot_description) by extensions ['ignore', 'ignore_ament_install']
[0.444s] Level 1:colcon.colcon_core.package_identification:_identify(src/urdfbot_description) by extension 'ignore'
[0.444s] Level 1:colcon.colcon_core.package_identification:_identify(src/urdfbot_description) by extension 'ignore_ament_install'
[0.444s] Level 1:colcon.colcon_core.package_identification:_identify(src/urdfbot_description) by extensions ['colcon_pkg']
[0.444s] Level 1:colcon.colcon_core.package_identification:_identify(src/urdfbot_description) by extension 'colcon_pkg'
[0.444s] Level 1:colcon.colcon_core.package_identification:_identify(src/urdfbot_description) by extensions ['colcon_meta']
[0.444s] Level 1:colcon.colcon_core.package_identification:_identify(src/urdfbot_description) by extension 'colcon_meta'
[0.444s] Level 1:colcon.colcon_core.package_identification:_identify(src/urdfbot_description) by extensions ['ros']
[0.444s] Level 1:colcon.colcon_core.package_identification:_identify(src/urdfbot_description) by extension 'ros'
[0.446s] DEBUG:colcon.colcon_core.package_identification:Package 'src/urdfbot_description' with type 'ros.ament_cmake' and name 'urdfbot_description'
[0.446s] Level 1:colcon.colcon_core.package_discovery:discover_packages(recursive) using defaults
[0.446s] Level 1:colcon.colcon_core.package_discovery:discover_packages(ignore) discover
[0.446s] Level 1:colcon.colcon_core.package_discovery:discover_packages(ignore) using defaults
[0.446s] Level 1:colcon.colcon_core.package_discovery:discover_packages(path) discover
[0.446s] Level 1:colcon.colcon_core.package_discovery:discover_packages(path) using defaults
[0.485s] Level 1:colcon.colcon_core.package_discovery:discover_packages(prefix_path) check parameters
[0.485s] Level 1:colcon.colcon_core.package_discovery:discover_packages(prefix_path) discover
[0.498s] DEBUG:colcon.colcon_installed_package_information.package_discovery:Found 1 installed packages in /home/llagoeiro/Desktop/TheConstruct/URDF_ROS2/Aula01/urdf_ws/install
[0.504s] DEBUG:colcon.colcon_installed_package_information.package_discovery:Found 275 installed packages in /opt/ros/humble
[0.504s] Level 1:colcon.colcon_core.package_discovery:discover_packages(prefix_path) using defaults
[0.547s] Level 5:colcon.colcon_core.verb:set package 'urdfbot_description' build argument 'cmake_args' from command line to 'None'
[0.547s] Level 5:colcon.colcon_core.verb:set package 'urdfbot_description' build argument 'cmake_target' from command line to 'None'
[0.547s] Level 5:colcon.colcon_core.verb:set package 'urdfbot_description' build argument 'cmake_target_skip_unavailable' from command line to 'False'
[0.547s] Level 5:colcon.colcon_core.verb:set package 'urdfbot_description' build argument 'cmake_clean_cache' from command line to 'False'
[0.547s] Level 5:colcon.colcon_core.verb:set package 'urdfbot_description' build argument 'cmake_clean_first' from command line to 'False'
[0.547s] Level 5:colcon.colcon_core.verb:set package 'urdfbot_description' build argument 'cmake_force_configure' from command line to 'False'
[0.547s] Level 5:colcon.colcon_core.verb:set package 'urdfbot_description' build argument 'ament_cmake_args' from command line to 'None'
[0.547s] Level 5:colcon.colcon_core.verb:set package 'urdfbot_description' build argument 'catkin_cmake_args' from command line to 'None'
[0.547s] Level 5:colcon.colcon_core.verb:set package 'urdfbot_description' build argument 'catkin_skip_building_tests' from command line to 'False'
[0.547s] DEBUG:colcon.colcon_core.verb:Building package 'urdfbot_description' with the following arguments: {'ament_cmake_args': None, 'build_base': '/home/llagoeiro/Desktop/TheConstruct/URDF_ROS2/Aula01/urdf_ws/build/urdfbot_description', 'catkin_cmake_args': None, 'catkin_skip_building_tests': False, 'cmake_args': None, 'cmake_clean_cache': False, 'cmake_clean_first': False, 'cmake_force_configure': False, 'cmake_target': None, 'cmake_target_skip_unavailable': False, 'install_base': '/home/llagoeiro/Desktop/TheConstruct/URDF_ROS2/Aula01/urdf_ws/install/urdfbot_description', 'merge_install': False, 'path': '/home/llagoeiro/Desktop/TheConstruct/URDF_ROS2/Aula01/urdf_ws/src/urdfbot_description', 'symlink_install': True, 'test_result_base': None}
[0.553s] INFO:colcon.colcon_core.executor:Executing jobs using 'parallel' executor
[0.559s] DEBUG:colcon.colcon_parallel_executor.executor.parallel:run_until_complete
[0.559s] INFO:colcon.colcon_ros.task.ament_cmake.build:Building ROS package in '/home/llagoeiro/Desktop/TheConstruct/URDF_ROS2/Aula01/urdf_ws/src/urdfbot_description' with build type 'ament_cmake'
[0.559s] INFO:colcon.colcon_cmake.task.cmake.build:Building CMake package in '/home/llagoeiro/Desktop/TheConstruct/URDF_ROS2/Aula01/urdf_ws/src/urdfbot_description'
[0.568s] INFO:colcon.colcon_core.plugin_system:Skipping extension 'colcon_core.shell.bat': Not used on non-Windows systems
[0.568s] INFO:colcon.colcon_core.shell:Skip shell extension 'powershell' for command environment: Not usable outside of PowerShell
[0.568s] DEBUG:colcon.colcon_core.shell:Skip shell extension 'dsv' for command environment
[0.594s] DEBUG:colcon.colcon_core.event_handler.log_command:Invoking command in '/home/llagoeiro/Desktop/TheConstruct/URDF_ROS2/Aula01/urdf_ws/build/urdfbot_description': CMAKE_PREFIX_PATH=${CMAKE_PREFIX_PATH}:/opt/ros/humble /usr/bin/cmake --build /home/llagoeiro/Desktop/TheConstruct/URDF_ROS2/Aula01/urdf_ws/build/urdfbot_description -- -j12 -l12
[0.615s] DEBUG:colcon.colcon_core.event_handler.log_command:Invoked command in '/home/llagoeiro/Desktop/TheConstruct/URDF_ROS2/Aula01/urdf_ws/build/urdfbot_description' returned '0': CMAKE_PREFIX_PATH=${CMAKE_PREFIX_PATH}:/opt/ros/humble /usr/bin/cmake --build /home/llagoeiro/Desktop/TheConstruct/URDF_ROS2/Aula01/urdf_ws/build/urdfbot_description -- -j12 -l12
[0.633s] DEBUG:colcon.colcon_core.event_handler.log_command:Invoking command in '/home/llagoeiro/Desktop/TheConstruct/URDF_ROS2/Aula01/urdf_ws/build/urdfbot_description': CMAKE_PREFIX_PATH=${CMAKE_PREFIX_PATH}:/opt/ros/humble /usr/bin/cmake --install /home/llagoeiro/Desktop/TheConstruct/URDF_ROS2/Aula01/urdf_ws/build/urdfbot_description
[0.646s] Level 1:colcon.colcon_core.environment:create_environment_scripts_only(urdfbot_description)
[0.646s] DEBUG:colcon.colcon_core.event_handler.log_command:Invoked command in '/home/llagoeiro/Desktop/TheConstruct/URDF_ROS2/Aula01/urdf_ws/build/urdfbot_description' returned '0': CMAKE_PREFIX_PATH=${CMAKE_PREFIX_PATH}:/opt/ros/humble /usr/bin/cmake --install /home/llagoeiro/Desktop/TheConstruct/URDF_ROS2/Aula01/urdf_ws/build/urdfbot_description
[0.653s] Level 1:colcon.colcon_core.environment:checking '/home/llagoeiro/Desktop/TheConstruct/URDF_ROS2/Aula01/urdf_ws/install/urdfbot_description' for CMake module files
[0.654s] Level 1:colcon.colcon_core.environment:checking '/home/llagoeiro/Desktop/TheConstruct/URDF_ROS2/Aula01/urdf_ws/install/urdfbot_description' for CMake config files
[0.654s] Level 1:colcon.colcon_core.shell:create_environment_hook('urdfbot_description', 'cmake_prefix_path')
[0.660s] INFO:colcon.colcon_core.shell:Creating environment hook '/home/llagoeiro/Desktop/TheConstruct/URDF_ROS2/Aula01/urdf_ws/install/urdfbot_description/share/urdfbot_description/hook/cmake_prefix_path.ps1'
[0.660s] INFO:colcon.colcon_core.shell:Creating environment descriptor '/home/llagoeiro/Desktop/TheConstruct/URDF_ROS2/Aula01/urdf_ws/install/urdfbot_description/share/urdfbot_description/hook/cmake_prefix_path.dsv'
[0.660s] INFO:colcon.colcon_core.shell:Creating environment hook '/home/llagoeiro/Desktop/TheConstruct/URDF_ROS2/Aula01/urdf_ws/install/urdfbot_description/share/urdfbot_description/hook/cmake_prefix_path.sh'
[0.661s] Level 1:colcon.colcon_core.environment:checking '/home/llagoeiro/Desktop/TheConstruct/URDF_ROS2/Aula01/urdf_ws/install/urdfbot_description/bin'
[0.661s] Level 1:colcon.colcon_core.environment:checking '/home/llagoeiro/Desktop/TheConstruct/URDF_ROS2/Aula01/urdf_ws/install/urdfbot_description/lib/pkgconfig/urdfbot_description.pc'
[0.661s] Level 1:colcon.colcon_core.environment:checking '/home/llagoeiro/Desktop/TheConstruct/URDF_ROS2/Aula01/urdf_ws/install/urdfbot_description/lib/python3.10/site-packages'
[0.661s] Level 1:colcon.colcon_core.environment:checking '/home/llagoeiro/Desktop/TheConstruct/URDF_ROS2/Aula01/urdf_ws/install/urdfbot_description/bin'
[0.667s] INFO:colcon.colcon_core.shell:Creating package script '/home/llagoeiro/Desktop/TheConstruct/URDF_ROS2/Aula01/urdf_ws/install/urdfbot_description/share/urdfbot_description/package.ps1'
[0.668s] INFO:colcon.colcon_core.shell:Creating package descriptor '/home/llagoeiro/Desktop/TheConstruct/URDF_ROS2/Aula01/urdf_ws/install/urdfbot_description/share/urdfbot_description/package.dsv'
[0.668s] INFO:colcon.colcon_core.shell:Creating package script '/home/llagoeiro/Desktop/TheConstruct/URDF_ROS2/Aula01/urdf_ws/install/urdfbot_description/share/urdfbot_description/package.sh'
[0.668s] INFO:colcon.colcon_core.shell:Creating package script '/home/llagoeiro/Desktop/TheConstruct/URDF_ROS2/Aula01/urdf_ws/install/urdfbot_description/share/urdfbot_description/package.bash'
[0.669s] INFO:colcon.colcon_core.shell:Creating package script '/home/llagoeiro/Desktop/TheConstruct/URDF_ROS2/Aula01/urdf_ws/install/urdfbot_description/share/urdfbot_description/package.zsh'
[0.669s] Level 1:colcon.colcon_core.environment:create_file_with_runtime_dependencies(/home/llagoeiro/Desktop/TheConstruct/URDF_ROS2/Aula01/urdf_ws/install/urdfbot_description/share/colcon-core/packages/urdfbot_description)
[0.688s] Level 1:colcon.colcon_core.environment:create_environment_scripts_only(urdfbot_description)
[0.694s] Level 1:colcon.colcon_core.environment:checking '/home/llagoeiro/Desktop/TheConstruct/URDF_ROS2/Aula01/urdf_ws/install/urdfbot_description' for CMake module files
[0.695s] Level 1:colcon.colcon_core.environment:checking '/home/llagoeiro/Desktop/TheConstruct/URDF_ROS2/Aula01/urdf_ws/install/urdfbot_description' for CMake config files
[0.695s] Level 1:colcon.colcon_core.shell:create_environment_hook('urdfbot_description', 'cmake_prefix_path')
[0.701s] INFO:colcon.colcon_core.shell:Creating environment hook '/home/llagoeiro/Desktop/TheConstruct/URDF_ROS2/Aula01/urdf_ws/install/urdfbot_description/share/urdfbot_description/hook/cmake_prefix_path.ps1'
[0.701s] INFO:colcon.colcon_core.shell:Creating environment descriptor '/home/llagoeiro/Desktop/TheConstruct/URDF_ROS2/Aula01/urdf_ws/install/urdfbot_description/share/urdfbot_description/hook/cmake_prefix_path.dsv'
[0.702s] INFO:colcon.colcon_core.shell:Creating environment hook '/home/llagoeiro/Desktop/TheConstruct/URDF_ROS2/Aula01/urdf_ws/install/urdfbot_description/share/urdfbot_description/hook/cmake_prefix_path.sh'
[0.702s] Level 1:colcon.colcon_core.environment:checking '/home/llagoeiro/Desktop/TheConstruct/URDF_ROS2/Aula01/urdf_ws/install/urdfbot_description/bin'
[0.702s] Level 1:colcon.colcon_core.environment:checking '/home/llagoeiro/Desktop/TheConstruct/URDF_ROS2/Aula01/urdf_ws/install/urdfbot_description/lib/pkgconfig/urdfbot_description.pc'
[0.702s] Level 1:colcon.colcon_core.environment:checking '/home/llagoeiro/Desktop/TheConstruct/URDF_ROS2/Aula01/urdf_ws/install/urdfbot_description/lib/python3.10/site-packages'
[0.702s] Level 1:colcon.colcon_core.environment:checking '/home/llagoeiro/Desktop/TheConstruct/URDF_ROS2/Aula01/urdf_ws/install/urdfbot_description/bin'
[0.708s] INFO:colcon.colcon_core.shell:Creating package script '/home/llagoeiro/Desktop/TheConstruct/URDF_ROS2/Aula01/urdf_ws/install/urdfbot_description/share/urdfbot_description/package.ps1'
[0.709s] INFO:colcon.colcon_core.shell:Creating package descriptor '/home/llagoeiro/Desktop/TheConstruct/URDF_ROS2/Aula01/urdf_ws/install/urdfbot_description/share/urdfbot_description/package.dsv'
[0.709s] INFO:colcon.colcon_core.shell:Creating package script '/home/llagoeiro/Desktop/TheConstruct/URDF_ROS2/Aula01/urdf_ws/install/urdfbot_description/share/urdfbot_description/package.sh'
[0.709s] INFO:colcon.colcon_core.shell:Creating package script '/home/llagoeiro/Desktop/TheConstruct/URDF_ROS2/Aula01/urdf_ws/install/urdfbot_description/share/urdfbot_description/package.bash'
[0.709s] INFO:colcon.colcon_core.shell:Creating package script '/home/llagoeiro/Desktop/TheConstruct/URDF_ROS2/Aula01/urdf_ws/install/urdfbot_description/share/urdfbot_description/package.zsh'
[0.710s] Level 1:colcon.colcon_core.environment:create_file_with_runtime_dependencies(/home/llagoeiro/Desktop/TheConstruct/URDF_ROS2/Aula01/urdf_ws/install/urdfbot_description/share/colcon-core/packages/urdfbot_description)
[0.710s] DEBUG:colcon.colcon_parallel_executor.executor.parallel:closing loop
[0.710s] DEBUG:colcon.colcon_parallel_executor.executor.parallel:loop closed
[0.710s] DEBUG:colcon.colcon_parallel_executor.executor.parallel:run_until_complete finished with '0'
[0.710s] DEBUG:colcon.colcon_core.event_reactor:joining thread
[0.721s] INFO:colcon.colcon_core.plugin_system:Skipping extension 'colcon_notification.desktop_notification.terminal_notifier': Not used on non-Darwin systems
[0.721s] INFO:colcon.colcon_core.plugin_system:Skipping extension 'colcon_notification.desktop_notification.win32': Not used on non-Windows systems
[0.721s] INFO:colcon.colcon_notification.desktop_notification:Sending desktop notification using 'notify2'
[0.731s] DEBUG:colcon.colcon_core.event_reactor:joined thread
[0.738s] INFO:colcon.colcon_core.shell:Creating prefix script '/home/llagoeiro/Desktop/TheConstruct/URDF_ROS2/Aula01/urdf_ws/install/local_setup.ps1'
[0.739s] INFO:colcon.colcon_core.shell:Creating prefix util module '/home/llagoeiro/Desktop/TheConstruct/URDF_ROS2/Aula01/urdf_ws/install/_local_setup_util_ps1.py'
[0.740s] INFO:colcon.colcon_core.shell:Creating prefix chain script '/home/llagoeiro/Desktop/TheConstruct/URDF_ROS2/Aula01/urdf_ws/install/setup.ps1'
[0.746s] INFO:colcon.colcon_core.shell:Creating prefix script '/home/llagoeiro/Desktop/TheConstruct/URDF_ROS2/Aula01/urdf_ws/install/local_setup.sh'
[0.747s] INFO:colcon.colcon_core.shell:Creating prefix util module '/home/llagoeiro/Desktop/TheConstruct/URDF_ROS2/Aula01/urdf_ws/install/_local_setup_util_sh.py'
[0.747s] INFO:colcon.colcon_core.shell:Creating prefix chain script '/home/llagoeiro/Desktop/TheConstruct/URDF_ROS2/Aula01/urdf_ws/install/setup.sh'
[0.753s] INFO:colcon.colcon_core.shell:Creating prefix script '/home/llagoeiro/Desktop/TheConstruct/URDF_ROS2/Aula01/urdf_ws/install/local_setup.bash'
[0.754s] INFO:colcon.colcon_core.shell:Creating prefix chain script '/home/llagoeiro/Desktop/TheConstruct/URDF_ROS2/Aula01/urdf_ws/install/setup.bash'
[0.760s] INFO:colcon.colcon_core.shell:Creating prefix script '/home/llagoeiro/Desktop/TheConstruct/URDF_ROS2/Aula01/urdf_ws/install/local_setup.zsh'
[0.760s] INFO:colcon.colcon_core.shell:Creating prefix chain script '/home/llagoeiro/Desktop/TheConstruct/URDF_ROS2/Aula01/urdf_ws/install/setup.zsh'
